Electrostatic potential parameters

Grid information (see 1_default_grid.dat in Angstrom)
    Number of grid points:            1089

Quantum electrostatic potential (see 1_default_grid_esp.dat)

Constraints
    Charge constraints
        Total charge of   0.07053639 on the set   2
        Total charge of   0.08505928 on the set   3
        Total charge of  -0.47140631 on the set   4
        Total charge of   0.12577498 on the set   5
        Total charge of  -0.10083352 on the set   6
        Total charge of   0.36409461 on the set   7
        Total charge of  -0.49600908 on the set   8
        Total charge of  -0.04595412 on the set   9
        Total charge of   0.36252480 on the set  10
        Total charge of  -0.52858769 on the set  11
        Total charge of   0.02500925 on the set  12
        Total charge of   0.17305150 on the set  18
    Equality constraints
        Equal charges on atoms
                                 15  16  17
                                 19  20  21
                                 22  23  24

Restraint
    Hyperbolic restraint to a charge of zero
    Hydrogen atoms are not restrained
    resp_a:                           0.0010
    resp_b:                           0.1000

Fit

Electrostatic Potential Charges
   Center  Symbol       ESP      RESP
      1    C      -0.23874180 -0.20126147
      2    N       0.07053639  0.07053639
      3    C       0.08505928  0.08505928
      4    N      -0.47140631 -0.47140631
      5    C       0.12577498  0.12577498
      6    C      -0.10083352 -0.10083352
      7    C       0.36409461  0.36409461
      8    O      -0.49600908 -0.49600908
      9    N      -0.04595412 -0.04595412
     10    C       0.36252480  0.36252480
     11    O      -0.52858769 -0.52858769
     12    N       0.02500925  0.02500925
     13    C       0.03219311  0.00605433
     14    C      -0.04516985 -0.03375554
     15    H       0.12211275  0.11036595
     16    H       0.12211275  0.11036595
     17    H       0.12211275  0.11036595
     18    H       0.17305150  0.17305150
     19    H       0.04252272  0.05004294
     20    H       0.04252272  0.05004294
     21    H       0.04252272  0.05004294
     22    H       0.06485068  0.06149198
     23    H       0.06485068  0.06149198
     24    H       0.06485068  0.06149198
Total Charge:     -0.00000000  0.00000000
