2023-11-25:01:58:43,327 INFO     [psi4.driver.task_planner:235] PLANNING MB:  mc_level_idx=0 packet={'driver': 'energy', 'method': 'ccsd(t)', 'basis': 'aug-cc-pvdz', 'keywords': {'FREEZE_CORE': '1', 'function_kwargs': {}}}
2023-11-25:01:58:43,327 INFO     [psi4.driver.driver_nbody:952] 
  //>>>>>>>>>>>>>>>>>>>>>>>>>>>>>>>>>>>>>//
  // ManyBody Setup: N-Body Levels [1, 2]//
  //<<<<<<<<<<<<<<<<<<<<<<<<<<<<<<<<<<<<<//


2023-11-25:01:58:43,327 INFO     [psi4.driver.driver_nbody:513]         Number of 1-body computations:     2
        Number of 2-body computations:     1
2023-11-25:01:58:43,328 INFO     [psi4.driver.driver_nbody:1014] 
  //>>>>>>>>>>>>>>>>>>>>>>>>>>>>>>>>>>>//
  //       ManyBody Computations       //
  //<<<<<<<<<<<<<<<<<<<<<<<<<<<<<<<<<<<//


2023-11-25:01:58:43,350 INFO     [psi4.driver.task_base:159] <<< JSON launch ... c2v 0.0
2023-11-25:01:58:43,379 INFO     [psi4.driver.task_planner:283] PLANNING Atomic:  keywords={'FREEZE_CORE': '1', 'function_kwargs': {}}
2023-11-25:01:58:43,382 INFO     [psi4.driver.driver:499] Compute energy(): method=ccsd(t), basis=aug-cc-pvdz, molecule=Ar2, nre=0.0
2023-11-25:01:58:46,869 INFO     [psi4.driver.driver:502] Return energy(): -526.9698010262024
2023-11-25:01:58:46,888 INFO     [psi4.driver.task_base:159] <<< JSON launch ... c2v 0.0
2023-11-25:01:58:46,916 INFO     [psi4.driver.task_planner:283] PLANNING Atomic:  keywords={'FREEZE_CORE': '1', 'function_kwargs': {}}
2023-11-25:01:58:46,919 INFO     [psi4.driver.driver:499] Compute energy(): method=ccsd(t), basis=aug-cc-pvdz, molecule=Ar2, nre=0.0
2023-11-25:01:58:50,346 INFO     [psi4.driver.driver:502] Return energy(): -526.9698010262024
2023-11-25:01:58:50,363 INFO     [psi4.driver.task_base:159] <<< JSON launch ... d2h 48.986690359165706
2023-11-25:01:58:50,391 INFO     [psi4.driver.task_planner:283] PLANNING Atomic:  keywords={'FREEZE_CORE': '1', 'function_kwargs': {}}
2023-11-25:01:58:50,394 INFO     [psi4.driver.driver:499] Compute energy(): method=ccsd(t), basis=aug-cc-pvdz, molecule=Ar2, nre=48.986690359165706
2023-11-25:01:58:53,389 INFO     [psi4.driver.driver:502] Return energy(): -1053.9393329701618
2023-11-25:01:58:53,405 INFO     [psi4.driver.driver_nbody:1364] 
  //>>>>>>>>>>>>>>>>>>>>>>>>>>>>>>>>>>>//
  //          ManyBody Results         //
  //<<<<<<<<<<<<<<<<<<<<<<<<<<<<<<<<<<<//


2023-11-25:01:58:53,406 INFO     [psi4.driver.driver_nbody:394] 
   ==> N-Body: Counterpoise Corrected (CP) energies <==

        n-Body     Total Energy            Interaction Energy                          N-body Contribution to Interaction Energy
                   [Eh]                    [Eh]                  [kcal/mol]            [Eh]                  [kcal/mol]
             1  N/A                         0.000000000000        0.000000000000        0.000000000000        0.000000000000
  FULL/RTN   2  N/A                         0.000269082243        0.168851656704        0.000269082243        0.168851656704


2023-11-25:01:58:53,468 INFO     [psi4.driver.task_planner:235] PLANNING MB:  mc_level_idx=0 packet={'driver': 'energy', 'method': 'ccsd(t)', 'basis': 'aug-cc-pvdz', 'keywords': {'FREEZE_CORE': '1', 'function_kwargs': {}}}
2023-11-25:01:58:53,468 INFO     [psi4.driver.driver_nbody:952] 
  //>>>>>>>>>>>>>>>>>>>>>>>>>>>>>>>>>>>>>//
  // ManyBody Setup: N-Body Levels [1, 2]//
  //<<<<<<<<<<<<<<<<<<<<<<<<<<<<<<<<<<<<<//


2023-11-25:01:58:53,468 INFO     [psi4.driver.driver_nbody:513]         Number of 1-body computations:     2
        Number of 2-body computations:     1
2023-11-25:01:58:53,469 INFO     [psi4.driver.driver_nbody:1014] 
  //>>>>>>>>>>>>>>>>>>>>>>>>>>>>>>>>>>>//
  //       ManyBody Computations       //
  //<<<<<<<<<<<<<<<<<<<<<<<<<<<<<<<<<<<//


2023-11-25:01:58:53,490 INFO     [psi4.driver.task_base:159] <<< JSON launch ... c2v 0.0
2023-11-25:01:58:53,519 INFO     [psi4.driver.task_planner:283] PLANNING Atomic:  keywords={'FREEZE_CORE': '1', 'function_kwargs': {}}
2023-11-25:01:58:53,522 INFO     [psi4.driver.driver:499] Compute energy(): method=ccsd(t), basis=aug-cc-pvdz, molecule=Ar2, nre=0.0
2023-11-25:01:58:56,881 INFO     [psi4.driver.driver:502] Return energy(): -526.9697748559882
2023-11-25:01:58:56,897 INFO     [psi4.driver.task_base:159] <<< JSON launch ... c2v 0.0
2023-11-25:01:58:56,926 INFO     [psi4.driver.task_planner:283] PLANNING Atomic:  keywords={'FREEZE_CORE': '1', 'function_kwargs': {}}
2023-11-25:01:58:56,930 INFO     [psi4.driver.driver:499] Compute energy(): method=ccsd(t), basis=aug-cc-pvdz, molecule=Ar2, nre=0.0
2023-11-25:01:59:00,350 INFO     [psi4.driver.driver:502] Return energy(): -526.969774855987
2023-11-25:01:59:00,367 INFO     [psi4.driver.task_base:159] <<< JSON launch ... d2h 45.720911001888
2023-11-25:01:59:00,396 INFO     [psi4.driver.task_planner:283] PLANNING Atomic:  keywords={'FREEZE_CORE': '1', 'function_kwargs': {}}
2023-11-25:01:59:00,400 INFO     [psi4.driver.driver:499] Compute energy(): method=ccsd(t), basis=aug-cc-pvdz, molecule=Ar2, nre=45.72091100188799
2023-11-25:01:59:03,395 INFO     [psi4.driver.driver:502] Return energy(): -1053.939661187827
2023-11-25:01:59:03,416 INFO     [psi4.driver.driver_nbody:1364] 
  //>>>>>>>>>>>>>>>>>>>>>>>>>>>>>>>>>>>//
  //          ManyBody Results         //
  //<<<<<<<<<<<<<<<<<<<<<<<<<<<<<<<<<<<//


2023-11-25:01:59:03,417 INFO     [psi4.driver.driver_nbody:394] 
   ==> N-Body: Counterpoise Corrected (CP) energies <==

        n-Body     Total Energy            Interaction Energy                          N-body Contribution to Interaction Energy
                   [Eh]                    [Eh]                  [kcal/mol]            [Eh]                  [kcal/mol]
             1  N/A                         0.000000000000        0.000000000000        0.000000000000        0.000000000000
  FULL/RTN   2  N/A                        -0.000111475852       -0.069952152948       -0.000111475852       -0.069952152948


2023-11-25:01:59:03,481 INFO     [psi4.driver.task_planner:235] PLANNING MB:  mc_level_idx=0 packet={'driver': 'energy', 'method': 'ccsd(t)', 'basis': 'aug-cc-pvdz', 'keywords': {'FREEZE_CORE': '1', 'function_kwargs': {}}}
2023-11-25:01:59:03,482 INFO     [psi4.driver.driver_nbody:952] 
  //>>>>>>>>>>>>>>>>>>>>>>>>>>>>>>>>>>>>>//
  // ManyBody Setup: N-Body Levels [1, 2]//
  //<<<<<<<<<<<<<<<<<<<<<<<<<<<<<<<<<<<<<//


2023-11-25:01:59:03,482 INFO     [psi4.driver.driver_nbody:513]         Number of 1-body computations:     2
        Number of 2-body computations:     1
2023-11-25:01:59:03,483 INFO     [psi4.driver.driver_nbody:1014] 
  //>>>>>>>>>>>>>>>>>>>>>>>>>>>>>>>>>>>//
  //       ManyBody Computations       //
  //<<<<<<<<<<<<<<<<<<<<<<<<<<<<<<<<<<<//


2023-11-25:01:59:03,504 INFO     [psi4.driver.task_base:159] <<< JSON launch ... c2v 0.0
2023-11-25:01:59:03,533 INFO     [psi4.driver.task_planner:283] PLANNING Atomic:  keywords={'FREEZE_CORE': '1', 'function_kwargs': {}}
2023-11-25:01:59:03,536 INFO     [psi4.driver.driver:499] Compute energy(): method=ccsd(t), basis=aug-cc-pvdz, molecule=Ar2, nre=0.0
2023-11-25:01:59:07,193 INFO     [psi4.driver.driver:502] Return energy(): -526.9697632262444
2023-11-25:01:59:07,215 INFO     [psi4.driver.task_base:159] <<< JSON launch ... c2v 0.0
2023-11-25:01:59:07,245 INFO     [psi4.driver.task_planner:283] PLANNING Atomic:  keywords={'FREEZE_CORE': '1', 'function_kwargs': {}}
2023-11-25:01:59:07,248 INFO     [psi4.driver.driver:499] Compute energy(): method=ccsd(t), basis=aug-cc-pvdz, molecule=Ar2, nre=0.0
2023-11-25:01:59:10,809 INFO     [psi4.driver.driver:502] Return energy(): -526.9697632262445
2023-11-25:01:59:10,828 INFO     [psi4.driver.task_base:159] <<< JSON launch ... d2h 42.863354064269984
2023-11-25:01:59:10,857 INFO     [psi4.driver.task_planner:283] PLANNING Atomic:  keywords={'FREEZE_CORE': '1', 'function_kwargs': {}}
2023-11-25:01:59:10,860 INFO     [psi4.driver.driver:499] Compute energy(): method=ccsd(t), basis=aug-cc-pvdz, molecule=Ar2, nre=42.863354064269984
2023-11-25:01:59:13,789 INFO     [psi4.driver.driver:502] Return energy(): -1053.9397226605124
2023-11-25:01:59:13,810 INFO     [psi4.driver.driver_nbody:1364] 
  //>>>>>>>>>>>>>>>>>>>>>>>>>>>>>>>>>>>//
  //          ManyBody Results         //
  //<<<<<<<<<<<<<<<<<<<<<<<<<<<<<<<<<<<//


2023-11-25:01:59:13,811 INFO     [psi4.driver.driver_nbody:394] 
   ==> N-Body: Counterpoise Corrected (CP) energies <==

        n-Body     Total Energy            Interaction Energy                          N-body Contribution to Interaction Energy
                   [Eh]                    [Eh]                  [kcal/mol]            [Eh]                  [kcal/mol]
             1  N/A                         0.000000000000        0.000000000000        0.000000000000        0.000000000000
  FULL/RTN   2  N/A                        -0.000196208024       -0.123122393691       -0.000196208024       -0.123122393691


2023-11-25:01:59:13,878 INFO     [psi4.driver.task_planner:235] PLANNING MB:  mc_level_idx=0 packet={'driver': 'energy', 'method': 'ccsd(t)', 'basis': 'aug-cc-pvdz', 'keywords': {'FREEZE_CORE': '1', 'function_kwargs': {}}}
2023-11-25:01:59:13,878 INFO     [psi4.driver.driver_nbody:952] 
  //>>>>>>>>>>>>>>>>>>>>>>>>>>>>>>>>>>>>>//
  // ManyBody Setup: N-Body Levels [1, 2]//
  //<<<<<<<<<<<<<<<<<<<<<<<<<<<<<<<<<<<<<//


2023-11-25:01:59:13,878 INFO     [psi4.driver.driver_nbody:513]         Number of 1-body computations:     2
        Number of 2-body computations:     1
2023-11-25:01:59:13,880 INFO     [psi4.driver.driver_nbody:1014] 
  //>>>>>>>>>>>>>>>>>>>>>>>>>>>>>>>>>>>//
  //       ManyBody Computations       //
  //<<<<<<<<<<<<<<<<<<<<<<<<<<<<<<<<<<<//


2023-11-25:01:59:13,901 INFO     [psi4.driver.task_base:159] <<< JSON launch ... c2v 0.0
2023-11-25:01:59:13,931 INFO     [psi4.driver.task_planner:283] PLANNING Atomic:  keywords={'FREEZE_CORE': '1', 'function_kwargs': {}}
2023-11-25:01:59:13,934 INFO     [psi4.driver.driver:499] Compute energy(): method=ccsd(t), basis=aug-cc-pvdz, molecule=Ar2, nre=0.0
2023-11-25:01:59:17,306 INFO     [psi4.driver.driver:502] Return energy(): -526.9697521226124
2023-11-25:01:59:17,333 INFO     [psi4.driver.task_base:159] <<< JSON launch ... c2v 0.0
2023-11-25:01:59:17,364 INFO     [psi4.driver.task_planner:283] PLANNING Atomic:  keywords={'FREEZE_CORE': '1', 'function_kwargs': {}}
2023-11-25:01:59:17,367 INFO     [psi4.driver.driver:499] Compute energy(): method=ccsd(t), basis=aug-cc-pvdz, molecule=Ar2, nre=0.0
2023-11-25:01:59:20,665 INFO     [psi4.driver.driver:502] Return energy(): -526.969752122612
2023-11-25:01:59:20,685 INFO     [psi4.driver.task_base:159] <<< JSON launch ... d2h 40.34198029578353
2023-11-25:01:59:20,716 INFO     [psi4.driver.task_planner:283] PLANNING Atomic:  keywords={'FREEZE_CORE': '1', 'function_kwargs': {}}
2023-11-25:01:59:20,720 INFO     [psi4.driver.driver:499] Compute energy(): method=ccsd(t), basis=aug-cc-pvdz, molecule=Ar2, nre=40.34198029578353
2023-11-25:01:59:23,553 INFO     [psi4.driver.driver:502] Return energy(): -1053.9396899586561
2023-11-25:01:59:23,573 INFO     [psi4.driver.driver_nbody:1364] 
  //>>>>>>>>>>>>>>>>>>>>>>>>>>>>>>>>>>>//
  //          ManyBody Results         //
  //<<<<<<<<<<<<<<<<<<<<<<<<<<<<<<<<<<<//


2023-11-25:01:59:23,573 INFO     [psi4.driver.driver_nbody:394] 
   ==> N-Body: Counterpoise Corrected (CP) energies <==

        n-Body     Total Energy            Interaction Energy                          N-body Contribution to Interaction Energy
                   [Eh]                    [Eh]                  [kcal/mol]            [Eh]                  [kcal/mol]
             1  N/A                         0.000000000000        0.000000000000        0.000000000000        0.000000000000
  FULL/RTN   2  N/A                        -0.000185713432       -0.116536937892       -0.000185713432       -0.116536937892


2023-11-25:01:59:23,637 INFO     [psi4.driver.task_planner:235] PLANNING MB:  mc_level_idx=0 packet={'driver': 'energy', 'method': 'ccsd(t)', 'basis': 'aug-cc-pvdz', 'keywords': {'FREEZE_CORE': '1', 'function_kwargs': {}}}
2023-11-25:01:59:23,637 INFO     [psi4.driver.driver_nbody:952] 
  //>>>>>>>>>>>>>>>>>>>>>>>>>>>>>>>>>>>>>//
  // ManyBody Setup: N-Body Levels [1, 2]//
  //<<<<<<<<<<<<<<<<<<<<<<<<<<<<<<<<<<<<<//


2023-11-25:01:59:23,637 INFO     [psi4.driver.driver_nbody:513]         Number of 1-body computations:     2
        Number of 2-body computations:     1
2023-11-25:01:59:23,638 INFO     [psi4.driver.driver_nbody:1014] 
  //>>>>>>>>>>>>>>>>>>>>>>>>>>>>>>>>>>>//
  //       ManyBody Computations       //
  //<<<<<<<<<<<<<<<<<<<<<<<<<<<<<<<<<<<//


2023-11-25:01:59:23,660 INFO     [psi4.driver.task_base:159] <<< JSON launch ... c2v 0.0
2023-11-25:01:59:23,688 INFO     [psi4.driver.task_planner:283] PLANNING Atomic:  keywords={'FREEZE_CORE': '1', 'function_kwargs': {}}
2023-11-25:01:59:23,691 INFO     [psi4.driver.driver:499] Compute energy(): method=ccsd(t), basis=aug-cc-pvdz, molecule=Ar2, nre=0.0
2023-11-25:01:59:26,757 INFO     [psi4.driver.driver:502] Return energy(): -526.9697403524696
2023-11-25:01:59:26,778 INFO     [psi4.driver.task_base:159] <<< JSON launch ... c2v 0.0
2023-11-25:01:59:26,809 INFO     [psi4.driver.task_planner:283] PLANNING Atomic:  keywords={'FREEZE_CORE': '1', 'function_kwargs': {}}
2023-11-25:01:59:26,812 INFO     [psi4.driver.driver:499] Compute energy(): method=ccsd(t), basis=aug-cc-pvdz, molecule=Ar2, nre=0.0
2023-11-25:01:59:29,915 INFO     [psi4.driver.driver:502] Return energy(): -526.9697403524694
2023-11-25:01:59:29,931 INFO     [psi4.driver.task_base:159] <<< JSON launch ... d2h 38.10075916823999
2023-11-25:01:59:29,966 INFO     [psi4.driver.task_planner:283] PLANNING Atomic:  keywords={'FREEZE_CORE': '1', 'function_kwargs': {}}
2023-11-25:01:59:29,969 INFO     [psi4.driver.driver:499] Compute energy(): method=ccsd(t), basis=aug-cc-pvdz, molecule=Ar2, nre=38.10075916823999
2023-11-25:01:59:32,589 INFO     [psi4.driver.driver:502] Return energy(): -1053.9396323558678
2023-11-25:01:59:32,608 INFO     [psi4.driver.driver_nbody:1364] 
  //>>>>>>>>>>>>>>>>>>>>>>>>>>>>>>>>>>>//
  //          ManyBody Results         //
  //<<<<<<<<<<<<<<<<<<<<<<<<<<<<<<<<<<<//


2023-11-25:01:59:32,609 INFO     [psi4.driver.driver_nbody:394] 
   ==> N-Body: Counterpoise Corrected (CP) energies <==

        n-Body     Total Energy            Interaction Energy                          N-body Contribution to Interaction Energy
                   [Eh]                    [Eh]                  [kcal/mol]            [Eh]                  [kcal/mol]
             1  N/A                         0.000000000000        0.000000000000        0.000000000000        0.000000000000
  FULL/RTN   2  N/A                        -0.000151650929       -0.095162394627       -0.000151650929       -0.095162394627


2023-11-25:01:59:32,672 INFO     [psi4.driver.task_planner:235] PLANNING MB:  mc_level_idx=0 packet={'driver': 'energy', 'method': 'ccsd(t)', 'basis': 'aug-cc-pvdz', 'keywords': {'FREEZE_CORE': '1', 'function_kwargs': {}}}
2023-11-25:01:59:32,672 INFO     [psi4.driver.driver_nbody:952] 
  //>>>>>>>>>>>>>>>>>>>>>>>>>>>>>>>>>>>>>//
  // ManyBody Setup: N-Body Levels [1, 2]//
  //<<<<<<<<<<<<<<<<<<<<<<<<<<<<<<<<<<<<<//


2023-11-25:01:59:32,672 INFO     [psi4.driver.driver_nbody:513]         Number of 1-body computations:     2
        Number of 2-body computations:     1
2023-11-25:01:59:32,674 INFO     [psi4.driver.driver_nbody:1014] 
  //>>>>>>>>>>>>>>>>>>>>>>>>>>>>>>>>>>>//
  //       ManyBody Computations       //
  //<<<<<<<<<<<<<<<<<<<<<<<<<<<<<<<<<<<//


2023-11-25:01:59:32,695 INFO     [psi4.driver.task_base:159] <<< JSON launch ... c2v 0.0
2023-11-25:01:59:32,724 INFO     [psi4.driver.task_planner:283] PLANNING Atomic:  keywords={'FREEZE_CORE': '1', 'function_kwargs': {}}
2023-11-25:01:59:32,727 INFO     [psi4.driver.driver:499] Compute energy(): method=ccsd(t), basis=aug-cc-pvdz, molecule=Ar2, nre=0.0
2023-11-25:01:59:35,785 INFO     [psi4.driver.driver:502] Return energy(): -526.969729865997
2023-11-25:01:59:35,802 INFO     [psi4.driver.task_base:159] <<< JSON launch ... c2v 0.0
2023-11-25:01:59:35,831 INFO     [psi4.driver.task_planner:283] PLANNING Atomic:  keywords={'FREEZE_CORE': '1', 'function_kwargs': {}}
2023-11-25:01:59:35,835 INFO     [psi4.driver.driver:499] Compute energy(): method=ccsd(t), basis=aug-cc-pvdz, molecule=Ar2, nre=0.0
2023-11-25:01:59:38,824 INFO     [psi4.driver.driver:502] Return energy(): -526.9697298659969
2023-11-25:01:59:38,840 INFO     [psi4.driver.task_base:159] <<< JSON launch ... d2h 36.09545605412211
2023-11-25:01:59:38,869 INFO     [psi4.driver.task_planner:283] PLANNING Atomic:  keywords={'FREEZE_CORE': '1', 'function_kwargs': {}}
2023-11-25:01:59:38,872 INFO     [psi4.driver.driver:499] Compute energy(): method=ccsd(t), basis=aug-cc-pvdz, molecule=Ar2, nre=36.09545605412211
2023-11-25:01:59:41,418 INFO     [psi4.driver.driver:502] Return energy(): -1053.9395771216882
2023-11-25:01:59:41,436 INFO     [psi4.driver.driver_nbody:1364] 
  //>>>>>>>>>>>>>>>>>>>>>>>>>>>>>>>>>>>//
  //          ManyBody Results         //
  //<<<<<<<<<<<<<<<<<<<<<<<<<<<<<<<<<<<//


2023-11-25:01:59:41,436 INFO     [psi4.driver.driver_nbody:394] 
   ==> N-Body: Counterpoise Corrected (CP) energies <==

        n-Body     Total Energy            Interaction Energy                          N-body Contribution to Interaction Energy
                   [Eh]                    [Eh]                  [kcal/mol]            [Eh]                  [kcal/mol]
             1  N/A                         0.000000000000        0.000000000000        0.000000000000        0.000000000000
  FULL/RTN   2  N/A                        -0.000117389694       -0.073663145375       -0.000117389694       -0.073663145375


2023-11-25:01:59:41,500 INFO     [psi4.driver.task_planner:235] PLANNING MB:  mc_level_idx=0 packet={'driver': 'energy', 'method': 'ccsd(t)', 'basis': 'aug-cc-pvdz', 'keywords': {'FREEZE_CORE': '1', 'function_kwargs': {}}}
2023-11-25:01:59:41,500 INFO     [psi4.driver.driver_nbody:952] 
  //>>>>>>>>>>>>>>>>>>>>>>>>>>>>>>>>>>>>>//
  // ManyBody Setup: N-Body Levels [1, 2]//
  //<<<<<<<<<<<<<<<<<<<<<<<<<<<<<<<<<<<<<//


2023-11-25:01:59:41,500 INFO     [psi4.driver.driver_nbody:513]         Number of 1-body computations:     2
        Number of 2-body computations:     1
2023-11-25:01:59:41,501 INFO     [psi4.driver.driver_nbody:1014] 
  //>>>>>>>>>>>>>>>>>>>>>>>>>>>>>>>>>>>//
  //       ManyBody Computations       //
  //<<<<<<<<<<<<<<<<<<<<<<<<<<<<<<<<<<<//


2023-11-25:01:59:41,523 INFO     [psi4.driver.task_base:159] <<< JSON launch ... c2v 0.0
2023-11-25:01:59:41,552 INFO     [psi4.driver.task_planner:283] PLANNING Atomic:  keywords={'FREEZE_CORE': '1', 'function_kwargs': {}}
2023-11-25:01:59:41,555 INFO     [psi4.driver.driver:499] Compute energy(): method=ccsd(t), basis=aug-cc-pvdz, molecule=Ar2, nre=0.0
2023-11-25:01:59:44,489 INFO     [psi4.driver.driver:502] Return energy(): -526.9697211194687
2023-11-25:01:59:44,508 INFO     [psi4.driver.task_base:159] <<< JSON launch ... c2v 0.0
2023-11-25:01:59:44,537 INFO     [psi4.driver.task_planner:283] PLANNING Atomic:  keywords={'FREEZE_CORE': '1', 'function_kwargs': {}}
2023-11-25:01:59:44,540 INFO     [psi4.driver.driver:499] Compute energy(): method=ccsd(t), basis=aug-cc-pvdz, molecule=Ar2, nre=0.0
2023-11-25:01:59:47,515 INFO     [psi4.driver.driver:502] Return energy(): -526.9697211194688
2023-11-25:01:59:47,532 INFO     [psi4.driver.task_base:159] <<< JSON launch ... d2h 34.290683251416
2023-11-25:01:59:47,561 INFO     [psi4.driver.task_planner:283] PLANNING Atomic:  keywords={'FREEZE_CORE': '1', 'function_kwargs': {}}
2023-11-25:01:59:47,564 INFO     [psi4.driver.driver:499] Compute energy(): method=ccsd(t), basis=aug-cc-pvdz, molecule=Ar2, nre=34.290683251416
2023-11-25:01:59:49,927 INFO     [psi4.driver.driver:502] Return energy(): -1053.9395313641585
2023-11-25:01:59:49,944 INFO     [psi4.driver.driver_nbody:1364] 
  //>>>>>>>>>>>>>>>>>>>>>>>>>>>>>>>>>>>//
  //          ManyBody Results         //
  //<<<<<<<<<<<<<<<<<<<<<<<<<<<<<<<<<<<//


2023-11-25:01:59:49,944 INFO     [psi4.driver.driver_nbody:394] 
   ==> N-Body: Counterpoise Corrected (CP) energies <==

        n-Body     Total Energy            Interaction Energy                          N-body Contribution to Interaction Energy
                   [Eh]                    [Eh]                  [kcal/mol]            [Eh]                  [kcal/mol]
             1  N/A                         0.000000000000        0.000000000000        0.000000000000        0.000000000000
  FULL/RTN   2  N/A                        -0.000089125221       -0.055926920634       -0.000089125221       -0.055926920634


2023-11-25:01:59:50,7 INFO     [psi4.driver.task_planner:235] PLANNING MB:  mc_level_idx=0 packet={'driver': 'energy', 'method': 'ccsd(t)', 'basis': 'aug-cc-pvdz', 'keywords': {'FREEZE_CORE': '1', 'function_kwargs': {}}}
2023-11-25:01:59:50,7 INFO     [psi4.driver.driver_nbody:952] 
  //>>>>>>>>>>>>>>>>>>>>>>>>>>>>>>>>>>>>>//
  // ManyBody Setup: N-Body Levels [1, 2]//
  //<<<<<<<<<<<<<<<<<<<<<<<<<<<<<<<<<<<<<//


2023-11-25:01:59:50,7 INFO     [psi4.driver.driver_nbody:513]         Number of 1-body computations:     2
        Number of 2-body computations:     1
2023-11-25:01:59:50,9 INFO     [psi4.driver.driver_nbody:1014] 
  //>>>>>>>>>>>>>>>>>>>>>>>>>>>>>>>>>>>//
  //       ManyBody Computations       //
  //<<<<<<<<<<<<<<<<<<<<<<<<<<<<<<<<<<<//


2023-11-25:01:59:50,30 INFO     [psi4.driver.task_base:159] <<< JSON launch ... c2v 0.0
2023-11-25:01:59:50,58 INFO     [psi4.driver.task_planner:283] PLANNING Atomic:  keywords={'FREEZE_CORE': '1', 'function_kwargs': {}}
2023-11-25:01:59:50,62 INFO     [psi4.driver.driver:499] Compute energy(): method=ccsd(t), basis=aug-cc-pvdz, molecule=Ar2, nre=0.0
2023-11-25:01:59:52,933 INFO     [psi4.driver.driver:502] Return energy(): -526.9697136458369
2023-11-25:01:59:52,949 INFO     [psi4.driver.task_base:159] <<< JSON launch ... c2v 0.0
2023-11-25:01:59:52,978 INFO     [psi4.driver.task_planner:283] PLANNING Atomic:  keywords={'FREEZE_CORE': '1', 'function_kwargs': {}}
2023-11-25:01:59:52,981 INFO     [psi4.driver.driver:499] Compute energy(): method=ccsd(t), basis=aug-cc-pvdz, molecule=Ar2, nre=0.0
2023-11-25:01:59:55,838 INFO     [psi4.driver.driver:502] Return energy(): -526.9697136458371
2023-11-25:01:59:55,854 INFO     [psi4.driver.task_base:159] <<< JSON launch ... d2h 32.657793572777145
2023-11-25:01:59:55,882 INFO     [psi4.driver.task_planner:283] PLANNING Atomic:  keywords={'FREEZE_CORE': '1', 'function_kwargs': {}}
2023-11-25:01:59:55,885 INFO     [psi4.driver.driver:499] Compute energy(): method=ccsd(t), basis=aug-cc-pvdz, molecule=Ar2, nre=32.657793572777145
2023-11-25:01:59:58,214 INFO     [psi4.driver.driver:502] Return energy(): -1053.9394946648647
2023-11-25:01:59:58,231 INFO     [psi4.driver.driver_nbody:1364] 
  //>>>>>>>>>>>>>>>>>>>>>>>>>>>>>>>>>>>//
  //          ManyBody Results         //
  //<<<<<<<<<<<<<<<<<<<<<<<<<<<<<<<<<<<//


2023-11-25:01:59:58,232 INFO     [psi4.driver.driver_nbody:394] 
   ==> N-Body: Counterpoise Corrected (CP) energies <==

        n-Body     Total Energy            Interaction Energy                          N-body Contribution to Interaction Energy
                   [Eh]                    [Eh]                  [kcal/mol]            [Eh]                  [kcal/mol]
             1  N/A                         0.000000000000        0.000000000000        0.000000000000        0.000000000000
  FULL/RTN   2  N/A                        -0.000067373191       -0.042277315400       -0.000067373191       -0.042277315400


2023-11-25:01:59:58,295 INFO     [psi4.driver.task_planner:235] PLANNING MB:  mc_level_idx=0 packet={'driver': 'energy', 'method': 'ccsd(t)', 'basis': 'aug-cc-pvdz', 'keywords': {'FREEZE_CORE': '1', 'function_kwargs': {}}}
2023-11-25:01:59:58,295 INFO     [psi4.driver.driver_nbody:952] 
  //>>>>>>>>>>>>>>>>>>>>>>>>>>>>>>>>>>>>>//
  // ManyBody Setup: N-Body Levels [1, 2]//
  //<<<<<<<<<<<<<<<<<<<<<<<<<<<<<<<<<<<<<//


2023-11-25:01:59:58,295 INFO     [psi4.driver.driver_nbody:513]         Number of 1-body computations:     2
        Number of 2-body computations:     1
2023-11-25:01:59:58,296 INFO     [psi4.driver.driver_nbody:1014] 
  //>>>>>>>>>>>>>>>>>>>>>>>>>>>>>>>>>>>//
  //       ManyBody Computations       //
  //<<<<<<<<<<<<<<<<<<<<<<<<<<<<<<<<<<<//


2023-11-25:01:59:58,317 INFO     [psi4.driver.task_base:159] <<< JSON launch ... c2v 0.0
2023-11-25:01:59:58,346 INFO     [psi4.driver.task_planner:283] PLANNING Atomic:  keywords={'FREEZE_CORE': '1', 'function_kwargs': {}}
2023-11-25:01:59:58,349 INFO     [psi4.driver.driver:499] Compute energy(): method=ccsd(t), basis=aug-cc-pvdz, molecule=Ar2, nre=0.0
2023-11-25:02:00:01,115 INFO     [psi4.driver.driver:502] Return energy(): -526.9697071363522
2023-11-25:02:00:01,133 INFO     [psi4.driver.task_base:159] <<< JSON launch ... c2v 0.0
2023-11-25:02:00:01,162 INFO     [psi4.driver.task_planner:283] PLANNING Atomic:  keywords={'FREEZE_CORE': '1', 'function_kwargs': {}}
2023-11-25:02:00:01,165 INFO     [psi4.driver.driver:499] Compute energy(): method=ccsd(t), basis=aug-cc-pvdz, molecule=Ar2, nre=0.0
2023-11-25:02:00:04,229 INFO     [psi4.driver.driver:502] Return energy(): -526.9697071363523
2023-11-25:02:00:04,244 INFO     [psi4.driver.task_base:159] <<< JSON launch ... d2h 31.173348410378185
2023-11-25:02:00:04,273 INFO     [psi4.driver.task_planner:283] PLANNING Atomic:  keywords={'FREEZE_CORE': '1', 'function_kwargs': {}}
2023-11-25:02:00:04,276 INFO     [psi4.driver.driver:499] Compute energy(): method=ccsd(t), basis=aug-cc-pvdz, molecule=Ar2, nre=31.173348410378185
2023-11-25:02:00:06,797 INFO     [psi4.driver.driver:502] Return energy(): -1053.93946535441
2023-11-25:02:00:06,814 INFO     [psi4.driver.driver_nbody:1364] 
  //>>>>>>>>>>>>>>>>>>>>>>>>>>>>>>>>>>>//
  //          ManyBody Results         //
  //<<<<<<<<<<<<<<<<<<<<<<<<<<<<<<<<<<<//


2023-11-25:02:00:06,814 INFO     [psi4.driver.driver_nbody:394] 
   ==> N-Body: Counterpoise Corrected (CP) energies <==

        n-Body     Total Energy            Interaction Energy                          N-body Contribution to Interaction Energy
                   [Eh]                    [Eh]                  [kcal/mol]            [Eh]                  [kcal/mol]
             1  N/A                         0.000000000000        0.000000000000        0.000000000000        0.000000000000
  FULL/RTN   2  N/A                        -0.000051081705       -0.032054254044       -0.000051081705       -0.032054254044


2023-11-25:02:00:06,878 INFO     [psi4.driver.task_planner:235] PLANNING MB:  mc_level_idx=0 packet={'driver': 'energy', 'method': 'ccsd(t)', 'basis': 'aug-cc-pvdz', 'keywords': {'FREEZE_CORE': '1', 'function_kwargs': {}}}
2023-11-25:02:00:06,878 INFO     [psi4.driver.driver_nbody:952] 
  //>>>>>>>>>>>>>>>>>>>>>>>>>>>>>>>>>>>>>//
  // ManyBody Setup: N-Body Levels [1, 2]//
  //<<<<<<<<<<<<<<<<<<<<<<<<<<<<<<<<<<<<<//


2023-11-25:02:00:06,878 INFO     [psi4.driver.driver_nbody:513]         Number of 1-body computations:     2
        Number of 2-body computations:     1
2023-11-25:02:00:06,879 INFO     [psi4.driver.driver_nbody:1014] 
  //>>>>>>>>>>>>>>>>>>>>>>>>>>>>>>>>>>>//
  //       ManyBody Computations       //
  //<<<<<<<<<<<<<<<<<<<<<<<<<<<<<<<<<<<//


2023-11-25:02:00:06,907 INFO     [psi4.driver.task_base:159] <<< JSON launch ... c2v 0.0
2023-11-25:02:00:06,957 INFO     [psi4.driver.task_planner:283] PLANNING Atomic:  keywords={'FREEZE_CORE': '1', 'function_kwargs': {}}
2023-11-25:02:00:06,962 INFO     [psi4.driver.driver:499] Compute energy(): method=ccsd(t), basis=aug-cc-pvdz, molecule=Ar2, nre=0.0
2023-11-25:02:00:10,159 INFO     [psi4.driver.driver:502] Return energy(): -526.9697015741092
2023-11-25:02:00:10,176 INFO     [psi4.driver.task_base:159] <<< JSON launch ... c2v 0.0
2023-11-25:02:00:10,207 INFO     [psi4.driver.task_planner:283] PLANNING Atomic:  keywords={'FREEZE_CORE': '1', 'function_kwargs': {}}
2023-11-25:02:00:10,211 INFO     [psi4.driver.driver:499] Compute energy(): method=ccsd(t), basis=aug-cc-pvdz, molecule=Ar2, nre=0.0
2023-11-25:02:00:13,261 INFO     [psi4.driver.driver:502] Return energy(): -526.9697015741086
2023-11-25:02:00:13,277 INFO     [psi4.driver.task_base:159] <<< JSON launch ... d2h 29.81798543601391
2023-11-25:02:00:13,306 INFO     [psi4.driver.task_planner:283] PLANNING Atomic:  keywords={'FREEZE_CORE': '1', 'function_kwargs': {}}
2023-11-25:02:00:13,309 INFO     [psi4.driver.driver:499] Compute energy(): method=ccsd(t), basis=aug-cc-pvdz, molecule=Ar2, nre=29.81798543601391
2023-11-25:02:00:15,933 INFO     [psi4.driver.driver:502] Return energy(): -1053.9394421418817
2023-11-25:02:00:15,949 INFO     [psi4.driver.driver_nbody:1364] 
  //>>>>>>>>>>>>>>>>>>>>>>>>>>>>>>>>>>>//
  //          ManyBody Results         //
  //<<<<<<<<<<<<<<<<<<<<<<<<<<<<<<<<<<<//


2023-11-25:02:00:15,950 INFO     [psi4.driver.driver_nbody:394] 
   ==> N-Body: Counterpoise Corrected (CP) energies <==

        n-Body     Total Energy            Interaction Energy                          N-body Contribution to Interaction Energy
                   [Eh]                    [Eh]                  [kcal/mol]            [Eh]                  [kcal/mol]
             1  N/A                         0.000000000000        0.000000000000        0.000000000000        0.000000000000
  FULL/RTN   2  N/A                        -0.000038993664       -0.024468893447       -0.000038993664       -0.024468893447


2023-11-25:02:00:16,13 INFO     [psi4.driver.task_planner:235] PLANNING MB:  mc_level_idx=0 packet={'driver': 'energy', 'method': 'ccsd(t)', 'basis': 'aug-cc-pvdz', 'keywords': {'FREEZE_CORE': '1', 'function_kwargs': {}}}
2023-11-25:02:00:16,13 INFO     [psi4.driver.driver_nbody:952] 
  //>>>>>>>>>>>>>>>>>>>>>>>>>>>>>>>>>>>>>//
  // ManyBody Setup: N-Body Levels [1, 2]//
  //<<<<<<<<<<<<<<<<<<<<<<<<<<<<<<<<<<<<<//


2023-11-25:02:00:16,14 INFO     [psi4.driver.driver_nbody:513]         Number of 1-body computations:     2
        Number of 2-body computations:     1
2023-11-25:02:00:16,15 INFO     [psi4.driver.driver_nbody:1014] 
  //>>>>>>>>>>>>>>>>>>>>>>>>>>>>>>>>>>>//
  //       ManyBody Computations       //
  //<<<<<<<<<<<<<<<<<<<<<<<<<<<<<<<<<<<//


2023-11-25:02:00:16,39 INFO     [psi4.driver.task_base:159] <<< JSON launch ... c2v 0.0
2023-11-25:02:00:16,74 INFO     [psi4.driver.task_planner:283] PLANNING Atomic:  keywords={'FREEZE_CORE': '1', 'function_kwargs': {}}
2023-11-25:02:00:16,78 INFO     [psi4.driver.driver:499] Compute energy(): method=ccsd(t), basis=aug-cc-pvdz, molecule=Ar2, nre=0.0
2023-11-25:02:00:19,57 INFO     [psi4.driver.driver:502] Return energy(): -526.9696970014364
2023-11-25:02:00:19,79 INFO     [psi4.driver.task_base:159] <<< JSON launch ... c2v 0.0
2023-11-25:02:00:19,110 INFO     [psi4.driver.task_planner:283] PLANNING Atomic:  keywords={'FREEZE_CORE': '1', 'function_kwargs': {}}
2023-11-25:02:00:19,114 INFO     [psi4.driver.driver:499] Compute energy(): method=ccsd(t), basis=aug-cc-pvdz, molecule=Ar2, nre=0.0
2023-11-25:02:00:22,158 INFO     [psi4.driver.driver:502] Return energy(): -526.9696970014356
2023-11-25:02:00:22,173 INFO     [psi4.driver.task_base:159] <<< JSON launch ... d2h 28.575569376180024
2023-11-25:02:00:22,202 INFO     [psi4.driver.task_planner:283] PLANNING Atomic:  keywords={'FREEZE_CORE': '1', 'function_kwargs': {}}
2023-11-25:02:00:22,205 INFO     [psi4.driver.driver:499] Compute energy(): method=ccsd(t), basis=aug-cc-pvdz, molecule=Ar2, nre=28.575569376180024
2023-11-25:02:00:24,797 INFO     [psi4.driver.driver:502] Return energy(): -1053.9394240309668
2023-11-25:02:00:24,814 INFO     [psi4.driver.driver_nbody:1364] 
  //>>>>>>>>>>>>>>>>>>>>>>>>>>>>>>>>>>>//
  //          ManyBody Results         //
  //<<<<<<<<<<<<<<<<<<<<<<<<<<<<<<<<<<<//


2023-11-25:02:00:24,815 INFO     [psi4.driver.driver_nbody:394] 
   ==> N-Body: Counterpoise Corrected (CP) energies <==

        n-Body     Total Energy            Interaction Energy                          N-body Contribution to Interaction Energy
                   [Eh]                    [Eh]                  [kcal/mol]            [Eh]                  [kcal/mol]
             1  N/A                         0.000000000000        0.000000000000        0.000000000000        0.000000000000
  FULL/RTN   2  N/A                        -0.000030028095       -0.018842913885       -0.000030028095       -0.018842913885


  2023-11-25:01:58:43,327 INFO     [psi4.driver.task_planner:235] PLANNING MB:  mc_level_idx=0 packet={'driver': 'energy', 'method': 'ccsd(t)', 'basis': 'aug-cc-pvdz', 'keywords': {'FREEZE_CORE': '1', 'function_kwargs': {}}}
2023-11-25:01:58:43,327 INFO     [psi4.driver.driver_nbody:952] 
  //>>>>>>>>>>>>>>>>>>>>>>>>>>>>>>>>>>>>>//
  // ManyBody Setup: N-Body Levels [1, 2]//
  //<<<<<<<<<<<<<<<<<<<<<<<<<<<<<<<<<<<<<//


2023-11-25:01:58:43,327 INFO     [psi4.driver.driver_nbody:513]         Number of 1-body computations:     2
        Number of 2-body computations:     1
2023-11-25:01:58:43,328 INFO     [psi4.driver.driver_nbody:1014] 
  //>>>>>>>>>>>>>>>>>>>>>>>>>>>>>>>>>>>//
  //       ManyBody Computations       //
  //<<<<<<<<<<<<<<<<<<<<<<<<<<<<<<<<<<<//


2023-11-25:01:58:43,350 INFO     [psi4.driver.task_base:159] <<< JSON launch ... c2v 0.0
2023-11-25:01:58:43,379 INFO     [psi4.driver.task_planner:283] PLANNING Atomic:  keywords={'FREEZE_CORE': '1', 'function_kwargs': {}}
2023-11-25:01:58:43,382 INFO     [psi4.driver.driver:499] Compute energy(): method=ccsd(t), basis=aug-cc-pvdz, molecule=Ar2, nre=0.0
2023-11-25:01:58:46,869 INFO     [psi4.driver.driver:502] Return energy(): -526.9698010262024
2023-11-25:01:58:46,888 INFO     [psi4.driver.task_base:159] <<< JSON launch ... c2v 0.0
2023-11-25:01:58:46,916 INFO     [psi4.driver.task_planner:283] PLANNING Atomic:  keywords={'FREEZE_CORE': '1', 'function_kwargs': {}}
2023-11-25:01:58:46,919 INFO     [psi4.driver.driver:499] Compute energy(): method=ccsd(t), basis=aug-cc-pvdz, molecule=Ar2, nre=0.0
2023-11-25:01:58:50,346 INFO     [psi4.driver.driver:502] Return energy(): -526.9698010262024
2023-11-25:01:58:50,363 INFO     [psi4.driver.task_base:159] <<< JSON launch ... d2h 48.986690359165706
2023-11-25:01:58:50,391 INFO     [psi4.driver.task_planner:283] PLANNING Atomic:  keywords={'FREEZE_CORE': '1', 'function_kwargs': {}}
2023-11-25:01:58:50,394 INFO     [psi4.driver.driver:499] Compute energy(): method=ccsd(t), basis=aug-cc-pvdz, molecule=Ar2, nre=48.986690359165706
2023-11-25:01:58:53,389 INFO     [psi4.driver.driver:502] Return energy(): -1053.9393329701618
2023-11-25:01:58:53,405 INFO     [psi4.driver.driver_nbody:1364] 
  //>>>>>>>>>>>>>>>>>>>>>>>>>>>>>>>>>>>//
  //          ManyBody Results         //
  //<<<<<<<<<<<<<<<<<<<<<<<<<<<<<<<<<<<//


2023-11-25:01:58:53,406 INFO     [psi4.driver.driver_nbody:394] 
   ==> N-Body: Counterpoise Corrected (CP) energies <==

        n-Body     Total Energy            Interaction Energy                          N-body Contribution to Interaction Energy
                   [Eh]                    [Eh]                  [kcal/mol]            [Eh]                  [kcal/mol]
             1  N/A                         0.000000000000        0.000000000000        0.000000000000        0.000000000000
  FULL/RTN   2  N/A                         0.000269082243        0.168851656704        0.000269082243        0.168851656704


2023-11-25:01:58:53,468 INFO     [psi4.driver.task_planner:235] PLANNING MB:  mc_level_idx=0 packet={'driver': 'energy', 'method': 'ccsd(t)', 'basis': 'aug-cc-pvdz', 'keywords': {'FREEZE_CORE': '1', 'function_kwargs': {}}}
2023-11-25:01:58:53,468 INFO     [psi4.driver.driver_nbody:952] 
  //>>>>>>>>>>>>>>>>>>>>>>>>>>>>>>>>>>>>>//
  // ManyBody Setup: N-Body Levels [1, 2]//
  //<<<<<<<<<<<<<<<<<<<<<<<<<<<<<<<<<<<<<//


2023-11-25:01:58:53,468 INFO     [psi4.driver.driver_nbody:513]         Number of 1-body computations:     2
        Number of 2-body computations:     1
2023-11-25:01:58:53,469 INFO     [psi4.driver.driver_nbody:1014] 
  //>>>>>>>>>>>>>>>>>>>>>>>>>>>>>>>>>>>//
  //       ManyBody Computations       //
  //<<<<<<<<<<<<<<<<<<<<<<<<<<<<<<<<<<<//


2023-11-25:01:58:53,490 INFO     [psi4.driver.task_base:159] <<< JSON launch ... c2v 0.0
2023-11-25:01:58:53,519 INFO     [psi4.driver.task_planner:283] PLANNING Atomic:  keywords={'FREEZE_CORE': '1', 'function_kwargs': {}}
2023-11-25:01:58:53,522 INFO     [psi4.driver.driver:499] Compute energy(): method=ccsd(t), basis=aug-cc-pvdz, molecule=Ar2, nre=0.0
2023-11-25:01:58:56,881 INFO     [psi4.driver.driver:502] Return energy(): -526.9697748559882
2023-11-25:01:58:56,897 INFO     [psi4.driver.task_base:159] <<< JSON launch ... c2v 0.0
2023-11-25:01:58:56,926 INFO     [psi4.driver.task_planner:283] PLANNING Atomic:  keywords={'FREEZE_CORE': '1', 'function_kwargs': {}}
2023-11-25:01:58:56,930 INFO     [psi4.driver.driver:499] Compute energy(): method=ccsd(t), basis=aug-cc-pvdz, molecule=Ar2, nre=0.0
2023-11-25:01:59:00,350 INFO     [psi4.driver.driver:502] Return energy(): -526.969774855987
2023-11-25:01:59:00,367 INFO     [psi4.driver.task_base:159] <<< JSON launch ... d2h 45.720911001888
2023-11-25:01:59:00,396 INFO     [psi4.driver.task_planner:283] PLANNING Atomic:  keywords={'FREEZE_CORE': '1', 'function_kwargs': {}}
2023-11-25:01:59:00,400 INFO     [psi4.driver.driver:499] Compute energy(): method=ccsd(t), basis=aug-cc-pvdz, molecule=Ar2, nre=45.72091100188799
2023-11-25:01:59:03,395 INFO     [psi4.driver.driver:502] Return energy(): -1053.939661187827
2023-11-25:01:59:03,416 INFO     [psi4.driver.driver_nbody:1364] 
  //>>>>>>>>>>>>>>>>>>>>>>>>>>>>>>>>>>>//
  //          ManyBody Results         //
  //<<<<<<<<<<<<<<<<<<<<<<<<<<<<<<<<<<<//


2023-11-25:01:59:03,417 INFO     [psi4.driver.driver_nbody:394] 
   ==> N-Body: Counterpoise Corrected (CP) energies <==

        n-Body     Total Energy            Interaction Energy                          N-body Contribution to Interaction Energy
                   [Eh]                    [Eh]                  [kcal/mol]            [Eh]                  [kcal/mol]
             1  N/A                         0.000000000000        0.000000000000        0.000000000000        0.000000000000
  FULL/RTN   2  N/A                        -0.000111475852       -0.069952152948       -0.000111475852       -0.069952152948


2023-11-25:01:59:03,481 INFO     [psi4.driver.task_planner:235] PLANNING MB:  mc_level_idx=0 packet={'driver': 'energy', 'method': 'ccsd(t)', 'basis': 'aug-cc-pvdz', 'keywords': {'FREEZE_CORE': '1', 'function_kwargs': {}}}
2023-11-25:01:59:03,482 INFO     [psi4.driver.driver_nbody:952] 
  //>>>>>>>>>>>>>>>>>>>>>>>>>>>>>>>>>>>>>//
  // ManyBody Setup: N-Body Levels [1, 2]//
  //<<<<<<<<<<<<<<<<<<<<<<<<<<<<<<<<<<<<<//


2023-11-25:01:59:03,482 INFO     [psi4.driver.driver_nbody:513]         Number of 1-body computations:     2
        Number of 2-body computations:     1
2023-11-25:01:59:03,483 INFO     [psi4.driver.driver_nbody:1014] 
  //>>>>>>>>>>>>>>>>>>>>>>>>>>>>>>>>>>>//
  //       ManyBody Computations       //
  //<<<<<<<<<<<<<<<<<<<<<<<<<<<<<<<<<<<//


2023-11-25:01:59:03,504 INFO     [psi4.driver.task_base:159] <<< JSON launch ... c2v 0.0
2023-11-25:01:59:03,533 INFO     [psi4.driver.task_planner:283] PLANNING Atomic:  keywords={'FREEZE_CORE': '1', 'function_kwargs': {}}
2023-11-25:01:59:03,536 INFO     [psi4.driver.driver:499] Compute energy(): method=ccsd(t), basis=aug-cc-pvdz, molecule=Ar2, nre=0.0
2023-11-25:01:59:07,193 INFO     [psi4.driver.driver:502] Return energy(): -526.9697632262444
2023-11-25:01:59:07,215 INFO     [psi4.driver.task_base:159] <<< JSON launch ... c2v 0.0
2023-11-25:01:59:07,245 INFO     [psi4.driver.task_planner:283] PLANNING Atomic:  keywords={'FREEZE_CORE': '1', 'function_kwargs': {}}
2023-11-25:01:59:07,248 INFO     [psi4.driver.driver:499] Compute energy(): method=ccsd(t), basis=aug-cc-pvdz, molecule=Ar2, nre=0.0
2023-11-25:01:59:10,809 INFO     [psi4.driver.driver:502] Return energy(): -526.9697632262445
2023-11-25:01:59:10,828 INFO     [psi4.driver.task_base:159] <<< JSON launch ... d2h 42.863354064269984
2023-11-25:01:59:10,857 INFO     [psi4.driver.task_planner:283] PLANNING Atomic:  keywords={'FREEZE_CORE': '1', 'function_kwargs': {}}
2023-11-25:01:59:10,860 INFO     [psi4.driver.driver:499] Compute energy(): method=ccsd(t), basis=aug-cc-pvdz, molecule=Ar2, nre=42.863354064269984
2023-11-25:01:59:13,789 INFO     [psi4.driver.driver:502] Return energy(): -1053.9397226605124
2023-11-25:01:59:13,810 INFO     [psi4.driver.driver_nbody:1364] 
  //>>>>>>>>>>>>>>>>>>>>>>>>>>>>>>>>>>>//
  //          ManyBody Results         //
  //<<<<<<<<<<<<<<<<<<<<<<<<<<<<<<<<<<<//


2023-11-25:01:59:13,811 INFO     [psi4.driver.driver_nbody:394] 
   ==> N-Body: Counterpoise Corrected (CP) energies <==

        n-Body     Total Energy            Interaction Energy                          N-body Contribution to Interaction Energy
                   [Eh]                    [Eh]                  [kcal/mol]            [Eh]                  [kcal/mol]
             1  N/A                         0.000000000000        0.000000000000        0.000000000000        0.000000000000
  FULL/RTN   2  N/A                        -0.000196208024       -0.123122393691       -0.000196208024       -0.123122393691


2023-11-25:01:59:13,878 INFO     [psi4.driver.task_planner:235] PLANNING MB:  mc_level_idx=0 packet={'driver': 'energy', 'method': 'ccsd(t)', 'basis': 'aug-cc-pvdz', 'keywords': {'FREEZE_CORE': '1', 'function_kwargs': {}}}
2023-11-25:01:59:13,878 INFO     [psi4.driver.driver_nbody:952] 
  //>>>>>>>>>>>>>>>>>>>>>>>>>>>>>>>>>>>>>//
  // ManyBody Setup: N-Body Levels [1, 2]//
  //<<<<<<<<<<<<<<<<<<<<<<<<<<<<<<<<<<<<<//


2023-11-25:01:59:13,878 INFO     [psi4.driver.driver_nbody:513]         Number of 1-body computations:     2
        Number of 2-body computations:     1
2023-11-25:01:59:13,880 INFO     [psi4.driver.driver_nbody:1014] 
  //>>>>>>>>>>>>>>>>>>>>>>>>>>>>>>>>>>>//
  //       ManyBody Computations       //
  //<<<<<<<<<<<<<<<<<<<<<<<<<<<<<<<<<<<//


2023-11-25:01:59:13,901 INFO     [psi4.driver.task_base:159] <<< JSON launch ... c2v 0.0
2023-11-25:01:59:13,931 INFO     [psi4.driver.task_planner:283] PLANNING Atomic:  keywords={'FREEZE_CORE': '1', 'function_kwargs': {}}
2023-11-25:01:59:13,934 INFO     [psi4.driver.driver:499] Compute energy(): method=ccsd(t), basis=aug-cc-pvdz, molecule=Ar2, nre=0.0
2023-11-25:01:59:17,306 INFO     [psi4.driver.driver:502] Return energy(): -526.9697521226124
2023-11-25:01:59:17,333 INFO     [psi4.driver.task_base:159] <<< JSON launch ... c2v 0.0
2023-11-25:01:59:17,364 INFO     [psi4.driver.task_planner:283] PLANNING Atomic:  keywords={'FREEZE_CORE': '1', 'function_kwargs': {}}
2023-11-25:01:59:17,367 INFO     [psi4.driver.driver:499] Compute energy(): method=ccsd(t), basis=aug-cc-pvdz, molecule=Ar2, nre=0.0
2023-11-25:01:59:20,665 INFO     [psi4.driver.driver:502] Return energy(): -526.969752122612
2023-11-25:01:59:20,685 INFO     [psi4.driver.task_base:159] <<< JSON launch ... d2h 40.34198029578353
2023-11-25:01:59:20,716 INFO     [psi4.driver.task_planner:283] PLANNING Atomic:  keywords={'FREEZE_CORE': '1', 'function_kwargs': {}}
2023-11-25:01:59:20,720 INFO     [psi4.driver.driver:499] Compute energy(): method=ccsd(t), basis=aug-cc-pvdz, molecule=Ar2, nre=40.34198029578353
2023-11-25:01:59:23,553 INFO     [psi4.driver.driver:502] Return energy(): -1053.9396899586561
2023-11-25:01:59:23,573 INFO     [psi4.driver.driver_nbody:1364] 
  //>>>>>>>>>>>>>>>>>>>>>>>>>>>>>>>>>>>//
  //          ManyBody Results         //
  //<<<<<<<<<<<<<<<<<<<<<<<<<<<<<<<<<<<//


2023-11-25:01:59:23,573 INFO     [psi4.driver.driver_nbody:394] 
   ==> N-Body: Counterpoise Corrected (CP) energies <==

        n-Body     Total Energy            Interaction Energy                          N-body Contribution to Interaction Energy
                   [Eh]                    [Eh]                  [kcal/mol]            [Eh]                  [kcal/mol]
             1  N/A                         0.000000000000        0.000000000000        0.000000000000        0.000000000000
  FULL/RTN   2  N/A                        -0.000185713432       -0.116536937892       -0.000185713432       -0.116536937892


2023-11-25:01:59:23,637 INFO     [psi4.driver.task_planner:235] PLANNING MB:  mc_level_idx=0 packet={'driver': 'energy', 'method': 'ccsd(t)', 'basis': 'aug-cc-pvdz', 'keywords': {'FREEZE_CORE': '1', 'function_kwargs': {}}}
2023-11-25:01:59:23,637 INFO     [psi4.driver.driver_nbody:952] 
  //>>>>>>>>>>>>>>>>>>>>>>>>>>>>>>>>>>>>>//
  // ManyBody Setup: N-Body Levels [1, 2]//
  //<<<<<<<<<<<<<<<<<<<<<<<<<<<<<<<<<<<<<//


2023-11-25:01:59:23,637 INFO     [psi4.driver.driver_nbody:513]         Number of 1-body computations:     2
        Number of 2-body computations:     1
2023-11-25:01:59:23,638 INFO     [psi4.driver.driver_nbody:1014] 
  //>>>>>>>>>>>>>>>>>>>>>>>>>>>>>>>>>>>//
  //       ManyBody Computations       //
  //<<<<<<<<<<<<<<<<<<<<<<<<<<<<<<<<<<<//


2023-11-25:01:59:23,660 INFO     [psi4.driver.task_base:159] <<< JSON launch ... c2v 0.0
2023-11-25:01:59:23,688 INFO     [psi4.driver.task_planner:283] PLANNING Atomic:  keywords={'FREEZE_CORE': '1', 'function_kwargs': {}}
2023-11-25:01:59:23,691 INFO     [psi4.driver.driver:499] Compute energy(): method=ccsd(t), basis=aug-cc-pvdz, molecule=Ar2, nre=0.0
2023-11-25:01:59:26,757 INFO     [psi4.driver.driver:502] Return energy(): -526.9697403524696
2023-11-25:01:59:26,778 INFO     [psi4.driver.task_base:159] <<< JSON launch ... c2v 0.0
2023-11-25:01:59:26,809 INFO     [psi4.driver.task_planner:283] PLANNING Atomic:  keywords={'FREEZE_CORE': '1', 'function_kwargs': {}}
2023-11-25:01:59:26,812 INFO     [psi4.driver.driver:499] Compute energy(): method=ccsd(t), basis=aug-cc-pvdz, molecule=Ar2, nre=0.0
2023-11-25:01:59:29,915 INFO     [psi4.driver.driver:502] Return energy(): -526.9697403524694
2023-11-25:01:59:29,931 INFO     [psi4.driver.task_base:159] <<< JSON launch ... d2h 38.10075916823999
2023-11-25:01:59:29,966 INFO     [psi4.driver.task_planner:283] PLANNING Atomic:  keywords={'FREEZE_CORE': '1', 'function_kwargs': {}}
2023-11-25:01:59:29,969 INFO     [psi4.driver.driver:499] Compute energy(): method=ccsd(t), basis=aug-cc-pvdz, molecule=Ar2, nre=38.10075916823999
2023-11-25:01:59:32,589 INFO     [psi4.driver.driver:502] Return energy(): -1053.9396323558678
2023-11-25:01:59:32,608 INFO     [psi4.driver.driver_nbody:1364] 
  //>>>>>>>>>>>>>>>>>>>>>>>>>>>>>>>>>>>//
  //          ManyBody Results         //
  //<<<<<<<<<<<<<<<<<<<<<<<<<<<<<<<<<<<//


2023-11-25:01:59:32,609 INFO     [psi4.driver.driver_nbody:394] 
   ==> N-Body: Counterpoise Corrected (CP) energies <==

        n-Body     Total Energy            Interaction Energy                          N-body Contribution to Interaction Energy
                   [Eh]                    [Eh]                  [kcal/mol]            [Eh]                  [kcal/mol]
             1  N/A                         0.000000000000        0.000000000000        0.000000000000        0.000000000000
  FULL/RTN   2  N/A                        -0.000151650929       -0.095162394627       -0.000151650929       -0.095162394627


2023-11-25:01:59:32,672 INFO     [psi4.driver.task_planner:235] PLANNING MB:  mc_level_idx=0 packet={'driver': 'energy', 'method': 'ccsd(t)', 'basis': 'aug-cc-pvdz', 'keywords': {'FREEZE_CORE': '1', 'function_kwargs': {}}}
2023-11-25:01:59:32,672 INFO     [psi4.driver.driver_nbody:952] 
  //>>>>>>>>>>>>>>>>>>>>>>>>>>>>>>>>>>>>>//
  // ManyBody Setup: N-Body Levels [1, 2]//
  //<<<<<<<<<<<<<<<<<<<<<<<<<<<<<<<<<<<<<//


2023-11-25:01:59:32,672 INFO     [psi4.driver.driver_nbody:513]         Number of 1-body computations:     2
        Number of 2-body computations:     1
2023-11-25:01:59:32,674 INFO     [psi4.driver.driver_nbody:1014] 
  //>>>>>>>>>>>>>>>>>>>>>>>>>>>>>>>>>>>//
  //       ManyBody Computations       //
  //<<<<<<<<<<<<<<<<<<<<<<<<<<<<<<<<<<<//


2023-11-25:01:59:32,695 INFO     [psi4.driver.task_base:159] <<< JSON launch ... c2v 0.0
2023-11-25:01:59:32,724 INFO     [psi4.driver.task_planner:283] PLANNING Atomic:  keywords={'FREEZE_CORE': '1', 'function_kwargs': {}}
2023-11-25:01:59:32,727 INFO     [psi4.driver.driver:499] Compute energy(): method=ccsd(t), basis=aug-cc-pvdz, molecule=Ar2, nre=0.0
2023-11-25:01:59:35,785 INFO     [psi4.driver.driver:502] Return energy(): -526.969729865997
2023-11-25:01:59:35,802 INFO     [psi4.driver.task_base:159] <<< JSON launch ... c2v 0.0
2023-11-25:01:59:35,831 INFO     [psi4.driver.task_planner:283] PLANNING Atomic:  keywords={'FREEZE_CORE': '1', 'function_kwargs': {}}
2023-11-25:01:59:35,835 INFO     [psi4.driver.driver:499] Compute energy(): method=ccsd(t), basis=aug-cc-pvdz, molecule=Ar2, nre=0.0
2023-11-25:01:59:38,824 INFO     [psi4.driver.driver:502] Return energy(): -526.9697298659969
2023-11-25:01:59:38,840 INFO     [psi4.driver.task_base:159] <<< JSON launch ... d2h 36.09545605412211
2023-11-25:01:59:38,869 INFO     [psi4.driver.task_planner:283] PLANNING Atomic:  keywords={'FREEZE_CORE': '1', 'function_kwargs': {}}
2023-11-25:01:59:38,872 INFO     [psi4.driver.driver:499] Compute energy(): method=ccsd(t), basis=aug-cc-pvdz, molecule=Ar2, nre=36.09545605412211
2023-11-25:01:59:41,418 INFO     [psi4.driver.driver:502] Return energy(): -1053.9395771216882
2023-11-25:01:59:41,436 INFO     [psi4.driver.driver_nbody:1364] 
  //>>>>>>>>>>>>>>>>>>>>>>>>>>>>>>>>>>>//
  //          ManyBody Results         //
  //<<<<<<<<<<<<<<<<<<<<<<<<<<<<<<<<<<<//


2023-11-25:01:59:41,436 INFO     [psi4.driver.driver_nbody:394] 
   ==> N-Body: Counterpoise Corrected (CP) energies <==

        n-Body     Total Energy            Interaction Energy                          N-body Contribution to Interaction Energy
                   [Eh]                    [Eh]                  [kcal/mol]            [Eh]                  [kcal/mol]
             1  N/A                         0.000000000000        0.000000000000        0.000000000000        0.000000000000
  FULL/RTN   2  N/A                        -0.000117389694       -0.073663145375       -0.000117389694       -0.073663145375


2023-11-25:01:59:41,500 INFO     [psi4.driver.task_planner:235] PLANNING MB:  mc_level_idx=0 packet={'driver': 'energy', 'method': 'ccsd(t)', 'basis': 'aug-cc-pvdz', 'keywords': {'FREEZE_CORE': '1', 'function_kwargs': {}}}
2023-11-25:01:59:41,500 INFO     [psi4.driver.driver_nbody:952] 
  //>>>>>>>>>>>>>>>>>>>>>>>>>>>>>>>>>>>>>//
  // ManyBody Setup: N-Body Levels [1, 2]//
  //<<<<<<<<<<<<<<<<<<<<<<<<<<<<<<<<<<<<<//


2023-11-25:01:59:41,500 INFO     [psi4.driver.driver_nbody:513]         Number of 1-body computations:     2
        Number of 2-body computations:     1
2023-11-25:01:59:41,501 INFO     [psi4.driver.driver_nbody:1014] 
  //>>>>>>>>>>>>>>>>>>>>>>>>>>>>>>>>>>>//
  //       ManyBody Computations       //
  //<<<<<<<<<<<<<<<<<<<<<<<<<<<<<<<<<<<//


2023-11-25:01:59:41,523 INFO     [psi4.driver.task_base:159] <<< JSON launch ... c2v 0.0
2023-11-25:01:59:41,552 INFO     [psi4.driver.task_planner:283] PLANNING Atomic:  keywords={'FREEZE_CORE': '1', 'function_kwargs': {}}
2023-11-25:01:59:41,555 INFO     [psi4.driver.driver:499] Compute energy(): method=ccsd(t), basis=aug-cc-pvdz, molecule=Ar2, nre=0.0
2023-11-25:01:59:44,489 INFO     [psi4.driver.driver:502] Return energy(): -526.9697211194687
2023-11-25:01:59:44,508 INFO     [psi4.driver.task_base:159] <<< JSON launch ... c2v 0.0
2023-11-25:01:59:44,537 INFO     [psi4.driver.task_planner:283] PLANNING Atomic:  keywords={'FREEZE_CORE': '1', 'function_kwargs': {}}
2023-11-25:01:59:44,540 INFO     [psi4.driver.driver:499] Compute energy(): method=ccsd(t), basis=aug-cc-pvdz, molecule=Ar2, nre=0.0
2023-11-25:01:59:47,515 INFO     [psi4.driver.driver:502] Return energy(): -526.9697211194688
2023-11-25:01:59:47,532 INFO     [psi4.driver.task_base:159] <<< JSON launch ... d2h 34.290683251416
2023-11-25:01:59:47,561 INFO     [psi4.driver.task_planner:283] PLANNING Atomic:  keywords={'FREEZE_CORE': '1', 'function_kwargs': {}}
2023-11-25:01:59:47,564 INFO     [psi4.driver.driver:499] Compute energy(): method=ccsd(t), basis=aug-cc-pvdz, molecule=Ar2, nre=34.290683251416
2023-11-25:01:59:49,927 INFO     [psi4.driver.driver:502] Return energy(): -1053.9395313641585
2023-11-25:01:59:49,944 INFO     [psi4.driver.driver_nbody:1364] 
  //>>>>>>>>>>>>>>>>>>>>>>>>>>>>>>>>>>>//
  //          ManyBody Results         //
  //<<<<<<<<<<<<<<<<<<<<<<<<<<<<<<<<<<<//


2023-11-25:01:59:49,944 INFO     [psi4.driver.driver_nbody:394] 
   ==> N-Body: Counterpoise Corrected (CP) energies <==

        n-Body     Total Energy            Interaction Energy                          N-body Contribution to Interaction Energy
                   [Eh]                    [Eh]                  [kcal/mol]            [Eh]                  [kcal/mol]
             1  N/A                         0.000000000000        0.000000000000        0.000000000000        0.000000000000
  FULL/RTN   2  N/A                        -0.000089125221       -0.055926920634       -0.000089125221       -0.055926920634


2023-11-25:01:59:50,7 INFO     [psi4.driver.task_planner:235] PLANNING MB:  mc_level_idx=0 packet={'driver': 'energy', 'method': 'ccsd(t)', 'basis': 'aug-cc-pvdz', 'keywords': {'FREEZE_CORE': '1', 'function_kwargs': {}}}
2023-11-25:01:59:50,7 INFO     [psi4.driver.driver_nbody:952] 
  //>>>>>>>>>>>>>>>>>>>>>>>>>>>>>>>>>>>>>//
  // ManyBody Setup: N-Body Levels [1, 2]//
  //<<<<<<<<<<<<<<<<<<<<<<<<<<<<<<<<<<<<<//


2023-11-25:01:59:50,7 INFO     [psi4.driver.driver_nbody:513]         Number of 1-body computations:     2
        Number of 2-body computations:     1
2023-11-25:01:59:50,9 INFO     [psi4.driver.driver_nbody:1014] 
  //>>>>>>>>>>>>>>>>>>>>>>>>>>>>>>>>>>>//
  //       ManyBody Computations       //
  //<<<<<<<<<<<<<<<<<<<<<<<<<<<<<<<<<<<//


2023-11-25:01:59:50,30 INFO     [psi4.driver.task_base:159] <<< JSON launch ... c2v 0.0
2023-11-25:01:59:50,58 INFO     [psi4.driver.task_planner:283] PLANNING Atomic:  keywords={'FREEZE_CORE': '1', 'function_kwargs': {}}
2023-11-25:01:59:50,62 INFO     [psi4.driver.driver:499] Compute energy(): method=ccsd(t), basis=aug-cc-pvdz, molecule=Ar2, nre=0.0
2023-11-25:01:59:52,933 INFO     [psi4.driver.driver:502] Return energy(): -526.9697136458369
2023-11-25:01:59:52,949 INFO     [psi4.driver.task_base:159] <<< JSON launch ... c2v 0.0
2023-11-25:01:59:52,978 INFO     [psi4.driver.task_planner:283] PLANNING Atomic:  keywords={'FREEZE_CORE': '1', 'function_kwargs': {}}
2023-11-25:01:59:52,981 INFO     [psi4.driver.driver:499] Compute energy(): method=ccsd(t), basis=aug-cc-pvdz, molecule=Ar2, nre=0.0
2023-11-25:01:59:55,838 INFO     [psi4.driver.driver:502] Return energy(): -526.9697136458371
2023-11-25:01:59:55,854 INFO     [psi4.driver.task_base:159] <<< JSON launch ... d2h 32.657793572777145
2023-11-25:01:59:55,882 INFO     [psi4.driver.task_planner:283] PLANNING Atomic:  keywords={'FREEZE_CORE': '1', 'function_kwargs': {}}
2023-11-25:01:59:55,885 INFO     [psi4.driver.driver:499] Compute energy(): method=ccsd(t), basis=aug-cc-pvdz, molecule=Ar2, nre=32.657793572777145
2023-11-25:01:59:58,214 INFO     [psi4.driver.driver:502] Return energy(): -1053.9394946648647
2023-11-25:01:59:58,231 INFO     [psi4.driver.driver_nbody:1364] 
  //>>>>>>>>>>>>>>>>>>>>>>>>>>>>>>>>>>>//
  //          ManyBody Results         //
  //<<<<<<<<<<<<<<<<<<<<<<<<<<<<<<<<<<<//


2023-11-25:01:59:58,232 INFO     [psi4.driver.driver_nbody:394] 
   ==> N-Body: Counterpoise Corrected (CP) energies <==

        n-Body     Total Energy            Interaction Energy                          N-body Contribution to Interaction Energy
                   [Eh]                    [Eh]                  [kcal/mol]            [Eh]                  [kcal/mol]
             1  N/A                         0.000000000000        0.000000000000        0.000000000000        0.000000000000
  FULL/RTN   2  N/A                        -0.000067373191       -0.042277315400       -0.000067373191       -0.042277315400


2023-11-25:01:59:58,295 INFO     [psi4.driver.task_planner:235] PLANNING MB:  mc_level_idx=0 packet={'driver': 'energy', 'method': 'ccsd(t)', 'basis': 'aug-cc-pvdz', 'keywords': {'FREEZE_CORE': '1', 'function_kwargs': {}}}
2023-11-25:01:59:58,295 INFO     [psi4.driver.driver_nbody:952] 
  //>>>>>>>>>>>>>>>>>>>>>>>>>>>>>>>>>>>>>//
  // ManyBody Setup: N-Body Levels [1, 2]//
  //<<<<<<<<<<<<<<<<<<<<<<<<<<<<<<<<<<<<<//


2023-11-25:01:59:58,295 INFO     [psi4.driver.driver_nbody:513]         Number of 1-body computations:     2
        Number of 2-body computations:     1
2023-11-25:01:59:58,296 INFO     [psi4.driver.driver_nbody:1014] 
  //>>>>>>>>>>>>>>>>>>>>>>>>>>>>>>>>>>>//
  //       ManyBody Computations       //
  //<<<<<<<<<<<<<<<<<<<<<<<<<<<<<<<<<<<//


2023-11-25:01:59:58,317 INFO     [psi4.driver.task_base:159] <<< JSON launch ... c2v 0.0
2023-11-25:01:59:58,346 INFO     [psi4.driver.task_planner:283] PLANNING Atomic:  keywords={'FREEZE_CORE': '1', 'function_kwargs': {}}
2023-11-25:01:59:58,349 INFO     [psi4.driver.driver:499] Compute energy(): method=ccsd(t), basis=aug-cc-pvdz, molecule=Ar2, nre=0.0
2023-11-25:02:00:01,115 INFO     [psi4.driver.driver:502] Return energy(): -526.9697071363522
2023-11-25:02:00:01,133 INFO     [psi4.driver.task_base:159] <<< JSON launch ... c2v 0.0
2023-11-25:02:00:01,162 INFO     [psi4.driver.task_planner:283] PLANNING Atomic:  keywords={'FREEZE_CORE': '1', 'function_kwargs': {}}
2023-11-25:02:00:01,165 INFO     [psi4.driver.driver:499] Compute energy(): method=ccsd(t), basis=aug-cc-pvdz, molecule=Ar2, nre=0.0
2023-11-25:02:00:04,229 INFO     [psi4.driver.driver:502] Return energy(): -526.9697071363523
2023-11-25:02:00:04,244 INFO     [psi4.driver.task_base:159] <<< JSON launch ... d2h 31.173348410378185
2023-11-25:02:00:04,273 INFO     [psi4.driver.task_planner:283] PLANNING Atomic:  keywords={'FREEZE_CORE': '1', 'function_kwargs': {}}
2023-11-25:02:00:04,276 INFO     [psi4.driver.driver:499] Compute energy(): method=ccsd(t), basis=aug-cc-pvdz, molecule=Ar2, nre=31.173348410378185
2023-11-25:02:00:06,797 INFO     [psi4.driver.driver:502] Return energy(): -1053.93946535441
2023-11-25:02:00:06,814 INFO     [psi4.driver.driver_nbody:1364] 
  //>>>>>>>>>>>>>>>>>>>>>>>>>>>>>>>>>>>//
  //          ManyBody Results         //
  //<<<<<<<<<<<<<<<<<<<<<<<<<<<<<<<<<<<//


2023-11-25:02:00:06,814 INFO     [psi4.driver.driver_nbody:394] 
   ==> N-Body: Counterpoise Corrected (CP) energies <==

        n-Body     Total Energy            Interaction Energy                          N-body Contribution to Interaction Energy
                   [Eh]                    [Eh]                  [kcal/mol]            [Eh]                  [kcal/mol]
             1  N/A                         0.000000000000        0.000000000000        0.000000000000        0.000000000000
  FULL/RTN   2  N/A                        -0.000051081705       -0.032054254044       -0.000051081705       -0.032054254044


2023-11-25:02:00:06,878 INFO     [psi4.driver.task_planner:235] PLANNING MB:  mc_level_idx=0 packet={'driver': 'energy', 'method': 'ccsd(t)', 'basis': 'aug-cc-pvdz', 'keywords': {'FREEZE_CORE': '1', 'function_kwargs': {}}}
2023-11-25:02:00:06,878 INFO     [psi4.driver.driver_nbody:952] 
  //>>>>>>>>>>>>>>>>>>>>>>>>>>>>>>>>>>>>>//
  // ManyBody Setup: N-Body Levels [1, 2]//
  //<<<<<<<<<<<<<<<<<<<<<<<<<<<<<<<<<<<<<//


2023-11-25:02:00:06,878 INFO     [psi4.driver.driver_nbody:513]         Number of 1-body computations:     2
        Number of 2-body computations:     1
2023-11-25:02:00:06,879 INFO     [psi4.driver.driver_nbody:1014] 
  //>>>>>>>>>>>>>>>>>>>>>>>>>>>>>>>>>>>//
  //       ManyBody Computations       //
  //<<<<<<<<<<<<<<<<<<<<<<<<<<<<<<<<<<<//


2023-11-25:02:00:06,907 INFO     [psi4.driver.task_base:159] <<< JSON launch ... c2v 0.0
2023-11-25:02:00:06,957 INFO     [psi4.driver.task_planner:283] PLANNING Atomic:  keywords={'FREEZE_CORE': '1', 'function_kwargs': {}}
2023-11-25:02:00:06,962 INFO     [psi4.driver.driver:499] Compute energy(): method=ccsd(t), basis=aug-cc-pvdz, molecule=Ar2, nre=0.0
2023-11-25:02:00:10,159 INFO     [psi4.driver.driver:502] Return energy(): -526.9697015741092
2023-11-25:02:00:10,176 INFO     [psi4.driver.task_base:159] <<< JSON launch ... c2v 0.0
2023-11-25:02:00:10,207 INFO     [psi4.driver.task_planner:283] PLANNING Atomic:  keywords={'FREEZE_CORE': '1', 'function_kwargs': {}}
2023-11-25:02:00:10,211 INFO     [psi4.driver.driver:499] Compute energy(): method=ccsd(t), basis=aug-cc-pvdz, molecule=Ar2, nre=0.0
2023-11-25:02:00:13,261 INFO     [psi4.driver.driver:502] Return energy(): -526.9697015741086
2023-11-25:02:00:13,277 INFO     [psi4.driver.task_base:159] <<< JSON launch ... d2h 29.81798543601391
2023-11-25:02:00:13,306 INFO     [psi4.driver.task_planner:283] PLANNING Atomic:  keywords={'FREEZE_CORE': '1', 'function_kwargs': {}}
2023-11-25:02:00:13,309 INFO     [psi4.driver.driver:499] Compute energy(): method=ccsd(t), basis=aug-cc-pvdz, molecule=Ar2, nre=29.81798543601391
2023-11-25:02:00:15,933 INFO     [psi4.driver.driver:502] Return energy(): -1053.9394421418817
2023-11-25:02:00:15,949 INFO     [psi4.driver.driver_nbody:1364] 
  //>>>>>>>>>>>>>>>>>>>>>>>>>>>>>>>>>>>//
  //          ManyBody Results         //
  //<<<<<<<<<<<<<<<<<<<<<<<<<<<<<<<<<<<//


2023-11-25:02:00:15,950 INFO     [psi4.driver.driver_nbody:394] 
   ==> N-Body: Counterpoise Corrected (CP) energies <==

        n-Body     Total Energy            Interaction Energy                          N-body Contribution to Interaction Energy
                   [Eh]                    [Eh]                  [kcal/mol]            [Eh]                  [kcal/mol]
             1  N/A                         0.000000000000        0.000000000000        0.000000000000        0.000000000000
  FULL/RTN   2  N/A                        -0.000038993664       -0.024468893447       -0.000038993664       -0.024468893447


2023-11-25:02:00:16,13 INFO     [psi4.driver.task_planner:235] PLANNING MB:  mc_level_idx=0 packet={'driver': 'energy', 'method': 'ccsd(t)', 'basis': 'aug-cc-pvdz', 'keywords': {'FREEZE_CORE': '1', 'function_kwargs': {}}}
2023-11-25:02:00:16,13 INFO     [psi4.driver.driver_nbody:952] 
  //>>>>>>>>>>>>>>>>>>>>>>>>>>>>>>>>>>>>>//
  // ManyBody Setup: N-Body Levels [1, 2]//
  //<<<<<<<<<<<<<<<<<<<<<<<<<<<<<<<<<<<<<//


2023-11-25:02:00:16,14 INFO     [psi4.driver.driver_nbody:513]         Number of 1-body computations:     2
        Number of 2-body computations:     1
2023-11-25:02:00:16,15 INFO     [psi4.driver.driver_nbody:1014] 
  //>>>>>>>>>>>>>>>>>>>>>>>>>>>>>>>>>>>//
  //       ManyBody Computations       //
  //<<<<<<<<<<<<<<<<<<<<<<<<<<<<<<<<<<<//


2023-11-25:02:00:16,39 INFO     [psi4.driver.task_base:159] <<< JSON launch ... c2v 0.0
2023-11-25:02:00:16,74 INFO     [psi4.driver.task_planner:283] PLANNING Atomic:  keywords={'FREEZE_CORE': '1', 'function_kwargs': {}}
2023-11-25:02:00:16,78 INFO     [psi4.driver.driver:499] Compute energy(): method=ccsd(t), basis=aug-cc-pvdz, molecule=Ar2, nre=0.0
2023-11-25:02:00:19,57 INFO     [psi4.driver.driver:502] Return energy(): -526.9696970014364
2023-11-25:02:00:19,79 INFO     [psi4.driver.task_base:159] <<< JSON launch ... c2v 0.0
2023-11-25:02:00:19,110 INFO     [psi4.driver.task_planner:283] PLANNING Atomic:  keywords={'FREEZE_CORE': '1', 'function_kwargs': {}}
2023-11-25:02:00:19,114 INFO     [psi4.driver.driver:499] Compute energy(): method=ccsd(t), basis=aug-cc-pvdz, molecule=Ar2, nre=0.0
2023-11-25:02:00:22,158 INFO     [psi4.driver.driver:502] Return energy(): -526.9696970014356
2023-11-25:02:00:22,173 INFO     [psi4.driver.task_base:159] <<< JSON launch ... d2h 28.575569376180024
2023-11-25:02:00:22,202 INFO     [psi4.driver.task_planner:283] PLANNING Atomic:  keywords={'FREEZE_CORE': '1', 'function_kwargs': {}}
2023-11-25:02:00:22,205 INFO     [psi4.driver.driver:499] Compute energy(): method=ccsd(t), basis=aug-cc-pvdz, molecule=Ar2, nre=28.575569376180024
2023-11-25:02:00:24,797 INFO     [psi4.driver.driver:502] Return energy(): -1053.9394240309668
2023-11-25:02:00:24,814 INFO     [psi4.driver.driver_nbody:1364] 
  //>>>>>>>>>>>>>>>>>>>>>>>>>>>>>>>>>>>//
  //          ManyBody Results         //
  //<<<<<<<<<<<<<<<<<<<<<<<<<<<<<<<<<<<//


2023-11-25:02:00:24,815 INFO     [psi4.driver.driver_nbody:394] 
   ==> N-Body: Counterpoise Corrected (CP) energies <==

        n-Body     Total Energy            Interaction Energy                          N-body Contribution to Interaction Energy
                   [Eh]                    [Eh]                  [kcal/mol]            [Eh]                  [kcal/mol]
             1  N/A                         0.000000000000        0.000000000000        0.000000000000        0.000000000000
  FULL/RTN   2  N/A                        -0.000030028095       -0.018842913885       -0.000030028095       -0.018842913885


:01:58:43,327 INFO     [psi4.driver.task_planner:235] PLANNING MB:  mc_level_idx=0 packet={'driver': 'energy', 'method': 'ccsd(t)', 'basis': 'aug-cc-pvdz', 'keywords': {'FREEZE_CORE': '1', 'function_kwargs': {}}}
2023-11-25:01:58:43,327 INFO     [psi4.driver.driver_nbody:952] 
  //>>>>>>>>>>>>>>>>>>>>>>>>>>>>>>>>>>>>>//
  // ManyBody Setup: N-Body Levels [1, 2]//
  //<<<<<<<<<<<<<<<<<<<<<<<<<<<<<<<<<<<<<//


2023-11-25:01:58:43,327 INFO     [psi4.driver.driver_nbody:513]         Number of 1-body computations:     2
        Number of 2-body computations:     1
2023-11-25:01:58:43,328 INFO     [psi4.driver.driver_nbody:1014] 
  //>>>>>>>>>>>>>>>>>>>>>>>>>>>>>>>>>>>//
  //       ManyBody Computations       //
  //<<<<<<<<<<<<<<<<<<<<<<<<<<<<<<<<<<<//


2023-11-25:01:58:43,350 INFO     [psi4.driver.task_base:159] <<< JSON launch ... c2v 0.0
2023-11-25:01:58:43,379 INFO     [psi4.driver.task_planner:283] PLANNING Atomic:  keywords={'FREEZE_CORE': '1', 'function_kwargs': {}}
2023-11-25:01:58:43,382 INFO     [psi4.driver.driver:499] Compute energy(): method=ccsd(t), basis=aug-cc-pvdz, molecule=Ar2, nre=0.0
2023-11-25:01:58:46,869 INFO     [psi4.driver.driver:502] Return energy(): -526.9698010262024
2023-11-25:01:58:46,888 INFO     [psi4.driver.task_base:159] <<< JSON launch ... c2v 0.0
2023-11-25:01:58:46,916 INFO     [psi4.driver.task_planner:283] PLANNING Atomic:  keywords={'FREEZE_CORE': '1', 'function_kwargs': {}}
2023-11-25:01:58:46,919 INFO     [psi4.driver.driver:499] Compute energy(): method=ccsd(t), basis=aug-cc-pvdz, molecule=Ar2, nre=0.0
2023-11-25:01:58:50,346 INFO     [psi4.driver.driver:502] Return energy(): -526.9698010262024
2023-11-25:01:58:50,363 INFO     [psi4.driver.task_base:159] <<< JSON launch ... d2h 48.986690359165706
2023-11-25:01:58:50,391 INFO     [psi4.driver.task_planner:283] PLANNING Atomic:  keywords={'FREEZE_CORE': '1', 'function_kwargs': {}}
2023-11-25:01:58:50,394 INFO     [psi4.driver.driver:499] Compute energy(): method=ccsd(t), basis=aug-cc-pvdz, molecule=Ar2, nre=48.986690359165706
2023-11-25:01:58:53,389 INFO     [psi4.driver.driver:502] Return energy(): -1053.9393329701618
2023-11-25:01:58:53,405 INFO     [psi4.driver.driver_nbody:1364] 
  //>>>>>>>>>>>>>>>>>>>>>>>>>>>>>>>>>>>//
  //          ManyBody Results         //
  //<<<<<<<<<<<<<<<<<<<<<<<<<<<<<<<<<<<//


2023-11-25:01:58:53,406 INFO     [psi4.driver.driver_nbody:394] 
   ==> N-Body: Counterpoise Corrected (CP) energies <==

        n-Body     Total Energy            Interaction Energy                          N-body Contribution to Interaction Energy
                   [Eh]                    [Eh]                  [kcal/mol]            [Eh]                  [kcal/mol]
             1  N/A                         0.000000000000        0.000000000000        0.000000000000        0.000000000000
  FULL/RTN   2  N/A                         0.000269082243        0.168851656704        0.000269082243        0.168851656704


2023-11-25:01:58:53,468 INFO     [psi4.driver.task_planner:235] PLANNING MB:  mc_level_idx=0 packet={'driver': 'energy', 'method': 'ccsd(t)', 'basis': 'aug-cc-pvdz', 'keywords': {'FREEZE_CORE': '1', 'function_kwargs': {}}}
2023-11-25:01:58:53,468 INFO     [psi4.driver.driver_nbody:952] 
  //>>>>>>>>>>>>>>>>>>>>>>>>>>>>>>>>>>>>>//
  // ManyBody Setup: N-Body Levels [1, 2]//
  //<<<<<<<<<<<<<<<<<<<<<<<<<<<<<<<<<<<<<//


2023-11-25:01:58:53,468 INFO     [psi4.driver.driver_nbody:513]         Number of 1-body computations:     2
        Number of 2-body computations:     1
2023-11-25:01:58:53,469 INFO     [psi4.driver.driver_nbody:1014] 
  //>>>>>>>>>>>>>>>>>>>>>>>>>>>>>>>>>>>//
  //       ManyBody Computations       //
  //<<<<<<<<<<<<<<<<<<<<<<<<<<<<<<<<<<<//


2023-11-25:01:58:53,490 INFO     [psi4.driver.task_base:159] <<< JSON launch ... c2v 0.0
2023-11-25:01:58:53,519 INFO     [psi4.driver.task_planner:283] PLANNING Atomic:  keywords={'FREEZE_CORE': '1', 'function_kwargs': {}}
2023-11-25:01:58:53,522 INFO     [psi4.driver.driver:499] Compute energy(): method=ccsd(t), basis=aug-cc-pvdz, molecule=Ar2, nre=0.0
2023-11-25:01:58:56,881 INFO     [psi4.driver.driver:502] Return energy(): -526.9697748559882
2023-11-25:01:58:56,897 INFO     [psi4.driver.task_base:159] <<< JSON launch ... c2v 0.0
2023-11-25:01:58:56,926 INFO     [psi4.driver.task_planner:283] PLANNING Atomic:  keywords={'FREEZE_CORE': '1', 'function_kwargs': {}}
2023-11-25:01:58:56,930 INFO     [psi4.driver.driver:499] Compute energy(): method=ccsd(t), basis=aug-cc-pvdz, molecule=Ar2, nre=0.0
2023-11-25:01:59:00,350 INFO     [psi4.driver.driver:502] Return energy(): -526.969774855987
2023-11-25:01:59:00,367 INFO     [psi4.driver.task_base:159] <<< JSON launch ... d2h 45.720911001888
2023-11-25:01:59:00,396 INFO     [psi4.driver.task_planner:283] PLANNING Atomic:  keywords={'FREEZE_CORE': '1', 'function_kwargs': {}}
2023-11-25:01:59:00,400 INFO     [psi4.driver.driver:499] Compute energy(): method=ccsd(t), basis=aug-cc-pvdz, molecule=Ar2, nre=45.72091100188799
2023-11-25:01:59:03,395 INFO     [psi4.driver.driver:502] Return energy(): -1053.939661187827
2023-11-25:01:59:03,416 INFO     [psi4.driver.driver_nbody:1364] 
  //>>>>>>>>>>>>>>>>>>>>>>>>>>>>>>>>>>>//
  //          ManyBody Results         //
  //<<<<<<<<<<<<<<<<<<<<<<<<<<<<<<<<<<<//


2023-11-25:01:59:03,417 INFO     [psi4.driver.driver_nbody:394] 
   ==> N-Body: Counterpoise Corrected (CP) energies <==

        n-Body     Total Energy            Interaction Energy                          N-body Contribution to Interaction Energy
                   [Eh]                    [Eh]                  [kcal/mol]            [Eh]                  [kcal/mol]
             1  N/A                         0.000000000000        0.000000000000        0.000000000000        0.000000000000
  FULL/RTN   2  N/A                        -0.000111475852       -0.069952152948       -0.000111475852       -0.069952152948


2023-11-25:01:59:03,481 INFO     [psi4.driver.task_planner:235] PLANNING MB:  mc_level_idx=0 packet={'driver': 'energy', 'method': 'ccsd(t)', 'basis': 'aug-cc-pvdz', 'keywords': {'FREEZE_CORE': '1', 'function_kwargs': {}}}
2023-11-25:01:59:03,482 INFO     [psi4.driver.driver_nbody:952] 
  //>>>>>>>>>>>>>>>>>>>>>>>>>>>>>>>>>>>>>//
  // ManyBody Setup: N-Body Levels [1, 2]//
  //<<<<<<<<<<<<<<<<<<<<<<<<<<<<<<<<<<<<<//


2023-11-25:01:59:03,482 INFO     [psi4.driver.driver_nbody:513]         Number of 1-body computations:     2
        Number of 2-body computations:     1
2023-11-25:01:59:03,483 INFO     [psi4.driver.driver_nbody:1014] 
  //>>>>>>>>>>>>>>>>>>>>>>>>>>>>>>>>>>>//
  //       ManyBody Computations       //
  //<<<<<<<<<<<<<<<<<<<<<<<<<<<<<<<<<<<//


2023-11-25:01:59:03,504 INFO     [psi4.driver.task_base:159] <<< JSON launch ... c2v 0.0
2023-11-25:01:59:03,533 INFO     [psi4.driver.task_planner:283] PLANNING Atomic:  keywords={'FREEZE_CORE': '1', 'function_kwargs': {}}
2023-11-25:01:59:03,536 INFO     [psi4.driver.driver:499] Compute energy(): method=ccsd(t), basis=aug-cc-pvdz, molecule=Ar2, nre=0.0
2023-11-25:01:59:07,193 INFO     [psi4.driver.driver:502] Return energy(): -526.9697632262444
2023-11-25:01:59:07,215 INFO     [psi4.driver.task_base:159] <<< JSON launch ... c2v 0.0
2023-11-25:01:59:07,245 INFO     [psi4.driver.task_planner:283] PLANNING Atomic:  keywords={'FREEZE_CORE': '1', 'function_kwargs': {}}
2023-11-25:01:59:07,248 INFO     [psi4.driver.driver:499] Compute energy(): method=ccsd(t), basis=aug-cc-pvdz, molecule=Ar2, nre=0.0
2023-11-25:01:59:10,809 INFO     [psi4.driver.driver:502] Return energy(): -526.9697632262445
2023-11-25:01:59:10,828 INFO     [psi4.driver.task_base:159] <<< JSON launch ... d2h 42.863354064269984
2023-11-25:01:59:10,857 INFO     [psi4.driver.task_planner:283] PLANNING Atomic:  keywords={'FREEZE_CORE': '1', 'function_kwargs': {}}
2023-11-25:01:59:10,860 INFO     [psi4.driver.driver:499] Compute energy(): method=ccsd(t), basis=aug-cc-pvdz, molecule=Ar2, nre=42.863354064269984
2023-11-25:01:59:13,789 INFO     [psi4.driver.driver:502] Return energy(): -1053.9397226605124
2023-11-25:01:59:13,810 INFO     [psi4.driver.driver_nbody:1364] 
  //>>>>>>>>>>>>>>>>>>>>>>>>>>>>>>>>>>>//
  //          ManyBody Results         //
  //<<<<<<<<<<<<<<<<<<<<<<<<<<<<<<<<<<<//


2023-11-25:01:59:13,811 INFO     [psi4.driver.driver_nbody:394] 
   ==> N-Body: Counterpoise Corrected (CP) energies <==

        n-Body     Total Energy            Interaction Energy                          N-body Contribution to Interaction Energy
                   [Eh]                    [Eh]                  [kcal/mol]            [Eh]                  [kcal/mol]
             1  N/A                         0.000000000000        0.000000000000        0.000000000000        0.000000000000
  FULL/RTN   2  N/A                        -0.000196208024       -0.123122393691       -0.000196208024       -0.123122393691


2023-11-25:01:59:13,878 INFO     [psi4.driver.task_planner:235] PLANNING MB:  mc_level_idx=0 packet={'driver': 'energy', 'method': 'ccsd(t)', 'basis': 'aug-cc-pvdz', 'keywords': {'FREEZE_CORE': '1', 'function_kwargs': {}}}
2023-11-25:01:59:13,878 INFO     [psi4.driver.driver_nbody:952] 
  //>>>>>>>>>>>>>>>>>>>>>>>>>>>>>>>>>>>>>//
  // ManyBody Setup: N-Body Levels [1, 2]//
  //<<<<<<<<<<<<<<<<<<<<<<<<<<<<<<<<<<<<<//


2023-11-25:01:59:13,878 INFO     [psi4.driver.driver_nbody:513]         Number of 1-body computations:     2
        Number of 2-body computations:     1
2023-11-25:01:59:13,880 INFO     [psi4.driver.driver_nbody:1014] 
  //>>>>>>>>>>>>>>>>>>>>>>>>>>>>>>>>>>>//
  //       ManyBody Computations       //
  //<<<<<<<<<<<<<<<<<<<<<<<<<<<<<<<<<<<//


2023-11-25:01:59:13,901 INFO     [psi4.driver.task_base:159] <<< JSON launch ... c2v 0.0
2023-11-25:01:59:13,931 INFO     [psi4.driver.task_planner:283] PLANNING Atomic:  keywords={'FREEZE_CORE': '1', 'function_kwargs': {}}
2023-11-25:01:59:13,934 INFO     [psi4.driver.driver:499] Compute energy(): method=ccsd(t), basis=aug-cc-pvdz, molecule=Ar2, nre=0.0
2023-11-25:01:59:17,306 INFO     [psi4.driver.driver:502] Return energy(): -526.9697521226124
2023-11-25:01:59:17,333 INFO     [psi4.driver.task_base:159] <<< JSON launch ... c2v 0.0
2023-11-25:01:59:17,364 INFO     [psi4.driver.task_planner:283] PLANNING Atomic:  keywords={'FREEZE_CORE': '1', 'function_kwargs': {}}
2023-11-25:01:59:17,367 INFO     [psi4.driver.driver:499] Compute energy(): method=ccsd(t), basis=aug-cc-pvdz, molecule=Ar2, nre=0.0
2023-11-25:01:59:20,665 INFO     [psi4.driver.driver:502] Return energy(): -526.969752122612
2023-11-25:01:59:20,685 INFO     [psi4.driver.task_base:159] <<< JSON launch ... d2h 40.34198029578353
2023-11-25:01:59:20,716 INFO     [psi4.driver.task_planner:283] PLANNING Atomic:  keywords={'FREEZE_CORE': '1', 'function_kwargs': {}}
2023-11-25:01:59:20,720 INFO     [psi4.driver.driver:499] Compute energy(): method=ccsd(t), basis=aug-cc-pvdz, molecule=Ar2, nre=40.34198029578353
2023-11-25:01:59:23,553 INFO     [psi4.driver.driver:502] Return energy(): -1053.9396899586561
2023-11-25:01:59:23,573 INFO     [psi4.driver.driver_nbody:1364] 
  //>>>>>>>>>>>>>>>>>>>>>>>>>>>>>>>>>>>//
  //          ManyBody Results         //
  //<<<<<<<<<<<<<<<<<<<<<<<<<<<<<<<<<<<//


2023-11-25:01:59:23,573 INFO     [psi4.driver.driver_nbody:394] 
   ==> N-Body: Counterpoise Corrected (CP) energies <==

        n-Body     Total Energy            Interaction Energy                          N-body Contribution to Interaction Energy
                   [Eh]                    [Eh]                  [kcal/mol]            [Eh]                  [kcal/mol]
             1  N/A                         0.000000000000        0.000000000000        0.000000000000        0.000000000000
  FULL/RTN   2  N/A                        -0.000185713432       -0.116536937892       -0.000185713432       -0.116536937892


2023-11-25:01:59:23,637 INFO     [psi4.driver.task_planner:235] PLANNING MB:  mc_level_idx=0 packet={'driver': 'energy', 'method': 'ccsd(t)', 'basis': 'aug-cc-pvdz', 'keywords': {'FREEZE_CORE': '1', 'function_kwargs': {}}}
2023-11-25:01:59:23,637 INFO     [psi4.driver.driver_nbody:952] 
  //>>>>>>>>>>>>>>>>>>>>>>>>>>>>>>>>>>>>>//
  // ManyBody Setup: N-Body Levels [1, 2]//
  //<<<<<<<<<<<<<<<<<<<<<<<<<<<<<<<<<<<<<//


2023-11-25:01:59:23,637 INFO     [psi4.driver.driver_nbody:513]         Number of 1-body computations:     2
        Number of 2-body computations:     1
2023-11-25:01:59:23,638 INFO     [psi4.driver.driver_nbody:1014] 
  //>>>>>>>>>>>>>>>>>>>>>>>>>>>>>>>>>>>//
  //       ManyBody Computations       //
  //<<<<<<<<<<<<<<<<<<<<<<<<<<<<<<<<<<<//


2023-11-25:01:59:23,660 INFO     [psi4.driver.task_base:159] <<< JSON launch ... c2v 0.0
2023-11-25:01:59:23,688 INFO     [psi4.driver.task_planner:283] PLANNING Atomic:  keywords={'FREEZE_CORE': '1', 'function_kwargs': {}}
2023-11-25:01:59:23,691 INFO     [psi4.driver.driver:499] Compute energy(): method=ccsd(t), basis=aug-cc-pvdz, molecule=Ar2, nre=0.0
2023-11-25:01:59:26,757 INFO     [psi4.driver.driver:502] Return energy(): -526.9697403524696
2023-11-25:01:59:26,778 INFO     [psi4.driver.task_base:159] <<< JSON launch ... c2v 0.0
2023-11-25:01:59:26,809 INFO     [psi4.driver.task_planner:283] PLANNING Atomic:  keywords={'FREEZE_CORE': '1', 'function_kwargs': {}}
2023-11-25:01:59:26,812 INFO     [psi4.driver.driver:499] Compute energy(): method=ccsd(t), basis=aug-cc-pvdz, molecule=Ar2, nre=0.0
2023-11-25:01:59:29,915 INFO     [psi4.driver.driver:502] Return energy(): -526.9697403524694
2023-11-25:01:59:29,931 INFO     [psi4.driver.task_base:159] <<< JSON launch ... d2h 38.10075916823999
2023-11-25:01:59:29,966 INFO     [psi4.driver.task_planner:283] PLANNING Atomic:  keywords={'FREEZE_CORE': '1', 'function_kwargs': {}}
2023-11-25:01:59:29,969 INFO     [psi4.driver.driver:499] Compute energy(): method=ccsd(t), basis=aug-cc-pvdz, molecule=Ar2, nre=38.10075916823999
2023-11-25:01:59:32,589 INFO     [psi4.driver.driver:502] Return energy(): -1053.9396323558678
2023-11-25:01:59:32,608 INFO     [psi4.driver.driver_nbody:1364] 
  //>>>>>>>>>>>>>>>>>>>>>>>>>>>>>>>>>>>//
  //          ManyBody Results         //
  //<<<<<<<<<<<<<<<<<<<<<<<<<<<<<<<<<<<//


2023-11-25:01:59:32,609 INFO     [psi4.driver.driver_nbody:394] 
   ==> N-Body: Counterpoise Corrected (CP) energies <==

        n-Body     Total Energy            Interaction Energy                          N-body Contribution to Interaction Energy
                   [Eh]                    [Eh]                  [kcal/mol]            [Eh]                  [kcal/mol]
             1  N/A                         0.000000000000        0.000000000000        0.000000000000        0.000000000000
  FULL/RTN   2  N/A                        -0.000151650929       -0.095162394627       -0.000151650929       -0.095162394627


2023-11-25:01:59:32,672 INFO     [psi4.driver.task_planner:235] PLANNING MB:  mc_level_idx=0 packet={'driver': 'energy', 'method': 'ccsd(t)', 'basis': 'aug-cc-pvdz', 'keywords': {'FREEZE_CORE': '1', 'function_kwargs': {}}}
2023-11-25:01:59:32,672 INFO     [psi4.driver.driver_nbody:952] 
  //>>>>>>>>>>>>>>>>>>>>>>>>>>>>>>>>>>>>>//
  // ManyBody Setup: N-Body Levels [1, 2]//
  //<<<<<<<<<<<<<<<<<<<<<<<<<<<<<<<<<<<<<//


2023-11-25:01:59:32,672 INFO     [psi4.driver.driver_nbody:513]         Number of 1-body computations:     2
        Number of 2-body computations:     1
2023-11-25:01:59:32,674 INFO     [psi4.driver.driver_nbody:1014] 
  //>>>>>>>>>>>>>>>>>>>>>>>>>>>>>>>>>>>//
  //       ManyBody Computations       //
  //<<<<<<<<<<<<<<<<<<<<<<<<<<<<<<<<<<<//


2023-11-25:01:59:32,695 INFO     [psi4.driver.task_base:159] <<< JSON launch ... c2v 0.0
2023-11-25:01:59:32,724 INFO     [psi4.driver.task_planner:283] PLANNING Atomic:  keywords={'FREEZE_CORE': '1', 'function_kwargs': {}}
2023-11-25:01:59:32,727 INFO     [psi4.driver.driver:499] Compute energy(): method=ccsd(t), basis=aug-cc-pvdz, molecule=Ar2, nre=0.0
2023-11-25:01:59:35,785 INFO     [psi4.driver.driver:502] Return energy(): -526.969729865997
2023-11-25:01:59:35,802 INFO     [psi4.driver.task_base:159] <<< JSON launch ... c2v 0.0
2023-11-25:01:59:35,831 INFO     [psi4.driver.task_planner:283] PLANNING Atomic:  keywords={'FREEZE_CORE': '1', 'function_kwargs': {}}
2023-11-25:01:59:35,835 INFO     [psi4.driver.driver:499] Compute energy(): method=ccsd(t), basis=aug-cc-pvdz, molecule=Ar2, nre=0.0
2023-11-25:01:59:38,824 INFO     [psi4.driver.driver:502] Return energy(): -526.9697298659969
2023-11-25:01:59:38,840 INFO     [psi4.driver.task_base:159] <<< JSON launch ... d2h 36.09545605412211
2023-11-25:01:59:38,869 INFO     [psi4.driver.task_planner:283] PLANNING Atomic:  keywords={'FREEZE_CORE': '1', 'function_kwargs': {}}
2023-11-25:01:59:38,872 INFO     [psi4.driver.driver:499] Compute energy(): method=ccsd(t), basis=aug-cc-pvdz, molecule=Ar2, nre=36.09545605412211
2023-11-25:01:59:41,418 INFO     [psi4.driver.driver:502] Return energy(): -1053.9395771216882
2023-11-25:01:59:41,436 INFO     [psi4.driver.driver_nbody:1364] 
  //>>>>>>>>>>>>>>>>>>>>>>>>>>>>>>>>>>>//
  //          ManyBody Results         //
  //<<<<<<<<<<<<<<<<<<<<<<<<<<<<<<<<<<<//


2023-11-25:01:59:41,436 INFO     [psi4.driver.driver_nbody:394] 
   ==> N-Body: Counterpoise Corrected (CP) energies <==

        n-Body     Total Energy            Interaction Energy                          N-body Contribution to Interaction Energy
                   [Eh]                    [Eh]                  [kcal/mol]            [Eh]                  [kcal/mol]
             1  N/A                         0.000000000000        0.000000000000        0.000000000000        0.000000000000
  FULL/RTN   2  N/A                        -0.000117389694       -0.073663145375       -0.000117389694       -0.073663145375


2023-11-25:01:59:41,500 INFO     [psi4.driver.task_planner:235] PLANNING MB:  mc_level_idx=0 packet={'driver': 'energy', 'method': 'ccsd(t)', 'basis': 'aug-cc-pvdz', 'keywords': {'FREEZE_CORE': '1', 'function_kwargs': {}}}
2023-11-25:01:59:41,500 INFO     [psi4.driver.driver_nbody:952] 
  //>>>>>>>>>>>>>>>>>>>>>>>>>>>>>>>>>>>>>//
  // ManyBody Setup: N-Body Levels [1, 2]//
  //<<<<<<<<<<<<<<<<<<<<<<<<<<<<<<<<<<<<<//


2023-11-25:01:59:41,500 INFO     [psi4.driver.driver_nbody:513]         Number of 1-body computations:     2
        Number of 2-body computations:     1
2023-11-25:01:59:41,501 INFO     [psi4.driver.driver_nbody:1014] 
  //>>>>>>>>>>>>>>>>>>>>>>>>>>>>>>>>>>>//
  //       ManyBody Computations       //
  //<<<<<<<<<<<<<<<<<<<<<<<<<<<<<<<<<<<//


2023-11-25:01:59:41,523 INFO     [psi4.driver.task_base:159] <<< JSON launch ... c2v 0.0
2023-11-25:01:59:41,552 INFO     [psi4.driver.task_planner:283] PLANNING Atomic:  keywords={'FREEZE_CORE': '1', 'function_kwargs': {}}
2023-11-25:01:59:41,555 INFO     [psi4.driver.driver:499] Compute energy(): method=ccsd(t), basis=aug-cc-pvdz, molecule=Ar2, nre=0.0
2023-11-25:01:59:44,489 INFO     [psi4.driver.driver:502] Return energy(): -526.9697211194687
2023-11-25:01:59:44,508 INFO     [psi4.driver.task_base:159] <<< JSON launch ... c2v 0.0
2023-11-25:01:59:44,537 INFO     [psi4.driver.task_planner:283] PLANNING Atomic:  keywords={'FREEZE_CORE': '1', 'function_kwargs': {}}
2023-11-25:01:59:44,540 INFO     [psi4.driver.driver:499] Compute energy(): method=ccsd(t), basis=aug-cc-pvdz, molecule=Ar2, nre=0.0
2023-11-25:01:59:47,515 INFO     [psi4.driver.driver:502] Return energy(): -526.9697211194688
2023-11-25:01:59:47,532 INFO     [psi4.driver.task_base:159] <<< JSON launch ... d2h 34.290683251416
2023-11-25:01:59:47,561 INFO     [psi4.driver.task_planner:283] PLANNING Atomic:  keywords={'FREEZE_CORE': '1', 'function_kwargs': {}}
2023-11-25:01:59:47,564 INFO     [psi4.driver.driver:499] Compute energy(): method=ccsd(t), basis=aug-cc-pvdz, molecule=Ar2, nre=34.290683251416
2023-11-25:01:59:49,927 INFO     [psi4.driver.driver:502] Return energy(): -1053.9395313641585
2023-11-25:01:59:49,944 INFO     [psi4.driver.driver_nbody:1364] 
  //>>>>>>>>>>>>>>>>>>>>>>>>>>>>>>>>>>>//
  //          ManyBody Results         //
  //<<<<<<<<<<<<<<<<<<<<<<<<<<<<<<<<<<<//


2023-11-25:01:59:49,944 INFO     [psi4.driver.driver_nbody:394] 
   ==> N-Body: Counterpoise Corrected (CP) energies <==

        n-Body     Total Energy            Interaction Energy                          N-body Contribution to Interaction Energy
                   [Eh]                    [Eh]                  [kcal/mol]            [Eh]                  [kcal/mol]
             1  N/A                         0.000000000000        0.000000000000        0.000000000000        0.000000000000
  FULL/RTN   2  N/A                        -0.000089125221       -0.055926920634       -0.000089125221       -0.055926920634


2023-11-25:01:59:50,7 INFO     [psi4.driver.task_planner:235] PLANNING MB:  mc_level_idx=0 packet={'driver': 'energy', 'method': 'ccsd(t)', 'basis': 'aug-cc-pvdz', 'keywords': {'FREEZE_CORE': '1', 'function_kwargs': {}}}
2023-11-25:01:59:50,7 INFO     [psi4.driver.driver_nbody:952] 
  //>>>>>>>>>>>>>>>>>>>>>>>>>>>>>>>>>>>>>//
  // ManyBody Setup: N-Body Levels [1, 2]//
  //<<<<<<<<<<<<<<<<<<<<<<<<<<<<<<<<<<<<<//


2023-11-25:01:59:50,7 INFO     [psi4.driver.driver_nbody:513]         Number of 1-body computations:     2
        Number of 2-body computations:     1
2023-11-25:01:59:50,9 INFO     [psi4.driver.driver_nbody:1014] 
  //>>>>>>>>>>>>>>>>>>>>>>>>>>>>>>>>>>>//
  //       ManyBody Computations       //
  //<<<<<<<<<<<<<<<<<<<<<<<<<<<<<<<<<<<//


2023-11-25:01:59:50,30 INFO     [psi4.driver.task_base:159] <<< JSON launch ... c2v 0.0
2023-11-25:01:59:50,58 INFO     [psi4.driver.task_planner:283] PLANNING Atomic:  keywords={'FREEZE_CORE': '1', 'function_kwargs': {}}
2023-11-25:01:59:50,62 INFO     [psi4.driver.driver:499] Compute energy(): method=ccsd(t), basis=aug-cc-pvdz, molecule=Ar2, nre=0.0
2023-11-25:01:59:52,933 INFO     [psi4.driver.driver:502] Return energy(): -526.9697136458369
2023-11-25:01:59:52,949 INFO     [psi4.driver.task_base:159] <<< JSON launch ... c2v 0.0
2023-11-25:01:59:52,978 INFO     [psi4.driver.task_planner:283] PLANNING Atomic:  keywords={'FREEZE_CORE': '1', 'function_kwargs': {}}
2023-11-25:01:59:52,981 INFO     [psi4.driver.driver:499] Compute energy(): method=ccsd(t), basis=aug-cc-pvdz, molecule=Ar2, nre=0.0
2023-11-25:01:59:55,838 INFO     [psi4.driver.driver:502] Return energy(): -526.9697136458371
2023-11-25:01:59:55,854 INFO     [psi4.driver.task_base:159] <<< JSON launch ... d2h 32.657793572777145
2023-11-25:01:59:55,882 INFO     [psi4.driver.task_planner:283] PLANNING Atomic:  keywords={'FREEZE_CORE': '1', 'function_kwargs': {}}
2023-11-25:01:59:55,885 INFO     [psi4.driver.driver:499] Compute energy(): method=ccsd(t), basis=aug-cc-pvdz, molecule=Ar2, nre=32.657793572777145
2023-11-25:01:59:58,214 INFO     [psi4.driver.driver:502] Return energy(): -1053.9394946648647
2023-11-25:01:59:58,231 INFO     [psi4.driver.driver_nbody:1364] 
  //>>>>>>>>>>>>>>>>>>>>>>>>>>>>>>>>>>>//
  //          ManyBody Results         //
  //<<<<<<<<<<<<<<<<<<<<<<<<<<<<<<<<<<<//


2023-11-25:01:59:58,232 INFO     [psi4.driver.driver_nbody:394] 
   ==> N-Body: Counterpoise Corrected (CP) energies <==

        n-Body     Total Energy            Interaction Energy                          N-body Contribution to Interaction Energy
                   [Eh]                    [Eh]                  [kcal/mol]            [Eh]                  [kcal/mol]
             1  N/A                         0.000000000000        0.000000000000        0.000000000000        0.000000000000
  FULL/RTN   2  N/A                        -0.000067373191       -0.042277315400       -0.000067373191       -0.042277315400


2023-11-25:01:59:58,295 INFO     [psi4.driver.task_planner:235] PLANNING MB:  mc_level_idx=0 packet={'driver': 'energy', 'method': 'ccsd(t)', 'basis': 'aug-cc-pvdz', 'keywords': {'FREEZE_CORE': '1', 'function_kwargs': {}}}
2023-11-25:01:59:58,295 INFO     [psi4.driver.driver_nbody:952] 
  //>>>>>>>>>>>>>>>>>>>>>>>>>>>>>>>>>>>>>//
  // ManyBody Setup: N-Body Levels [1, 2]//
  //<<<<<<<<<<<<<<<<<<<<<<<<<<<<<<<<<<<<<//


2023-11-25:01:59:58,295 INFO     [psi4.driver.driver_nbody:513]         Number of 1-body computations:     2
        Number of 2-body computations:     1
2023-11-25:01:59:58,296 INFO     [psi4.driver.driver_nbody:1014] 
  //>>>>>>>>>>>>>>>>>>>>>>>>>>>>>>>>>>>//
  //       ManyBody Computations       //
  //<<<<<<<<<<<<<<<<<<<<<<<<<<<<<<<<<<<//


2023-11-25:01:59:58,317 INFO     [psi4.driver.task_base:159] <<< JSON launch ... c2v 0.0
2023-11-25:01:59:58,346 INFO     [psi4.driver.task_planner:283] PLANNING Atomic:  keywords={'FREEZE_CORE': '1', 'function_kwargs': {}}
2023-11-25:01:59:58,349 INFO     [psi4.driver.driver:499] Compute energy(): method=ccsd(t), basis=aug-cc-pvdz, molecule=Ar2, nre=0.0
2023-11-25:02:00:01,115 INFO     [psi4.driver.driver:502] Return energy(): -526.9697071363522
2023-11-25:02:00:01,133 INFO     [psi4.driver.task_base:159] <<< JSON launch ... c2v 0.0
2023-11-25:02:00:01,162 INFO     [psi4.driver.task_planner:283] PLANNING Atomic:  keywords={'FREEZE_CORE': '1', 'function_kwargs': {}}
2023-11-25:02:00:01,165 INFO     [psi4.driver.driver:499] Compute energy(): method=ccsd(t), basis=aug-cc-pvdz, molecule=Ar2, nre=0.0
2023-11-25:02:00:04,229 INFO     [psi4.driver.driver:502] Return energy(): -526.9697071363523
2023-11-25:02:00:04,244 INFO     [psi4.driver.task_base:159] <<< JSON launch ... d2h 31.173348410378185
2023-11-25:02:00:04,273 INFO     [psi4.driver.task_planner:283] PLANNING Atomic:  keywords={'FREEZE_CORE': '1', 'function_kwargs': {}}
2023-11-25:02:00:04,276 INFO     [psi4.driver.driver:499] Compute energy(): method=ccsd(t), basis=aug-cc-pvdz, molecule=Ar2, nre=31.173348410378185
2023-11-25:02:00:06,797 INFO     [psi4.driver.driver:502] Return energy(): -1053.93946535441
2023-11-25:02:00:06,814 INFO     [psi4.driver.driver_nbody:1364] 
  //>>>>>>>>>>>>>>>>>>>>>>>>>>>>>>>>>>>//
  //          ManyBody Results         //
  //<<<<<<<<<<<<<<<<<<<<<<<<<<<<<<<<<<<//


2023-11-25:02:00:06,814 INFO     [psi4.driver.driver_nbody:394] 
   ==> N-Body: Counterpoise Corrected (CP) energies <==

        n-Body     Total Energy            Interaction Energy                          N-body Contribution to Interaction Energy
                   [Eh]                    [Eh]                  [kcal/mol]            [Eh]                  [kcal/mol]
             1  N/A                         0.000000000000        0.000000000000        0.000000000000        0.000000000000
  FULL/RTN   2  N/A                        -0.000051081705       -0.032054254044       -0.000051081705       -0.032054254044


2023-11-25:02:00:06,878 INFO     [psi4.driver.task_planner:235] PLANNING MB:  mc_level_idx=0 packet={'driver': 'energy', 'method': 'ccsd(t)', 'basis': 'aug-cc-pvdz', 'keywords': {'FREEZE_CORE': '1', 'function_kwargs': {}}}
2023-11-25:02:00:06,878 INFO     [psi4.driver.driver_nbody:952] 
  //>>>>>>>>>>>>>>>>>>>>>>>>>>>>>>>>>>>>>//
  // ManyBody Setup: N-Body Levels [1, 2]//
  //<<<<<<<<<<<<<<<<<<<<<<<<<<<<<<<<<<<<<//


2023-11-25:02:00:06,878 INFO     [psi4.driver.driver_nbody:513]         Number of 1-body computations:     2
        Number of 2-body computations:     1
2023-11-25:02:00:06,879 INFO     [psi4.driver.driver_nbody:1014] 
  //>>>>>>>>>>>>>>>>>>>>>>>>>>>>>>>>>>>//
  //       ManyBody Computations       //
  //<<<<<<<<<<<<<<<<<<<<<<<<<<<<<<<<<<<//


2023-11-25:02:00:06,907 INFO     [psi4.driver.task_base:159] <<< JSON launch ... c2v 0.0
2023-11-25:02:00:06,957 INFO     [psi4.driver.task_planner:283] PLANNING Atomic:  keywords={'FREEZE_CORE': '1', 'function_kwargs': {}}
2023-11-25:02:00:06,962 INFO     [psi4.driver.driver:499] Compute energy(): method=ccsd(t), basis=aug-cc-pvdz, molecule=Ar2, nre=0.0
2023-11-25:02:00:10,159 INFO     [psi4.driver.driver:502] Return energy(): -526.9697015741092
2023-11-25:02:00:10,176 INFO     [psi4.driver.task_base:159] <<< JSON launch ... c2v 0.0
2023-11-25:02:00:10,207 INFO     [psi4.driver.task_planner:283] PLANNING Atomic:  keywords={'FREEZE_CORE': '1', 'function_kwargs': {}}
2023-11-25:02:00:10,211 INFO     [psi4.driver.driver:499] Compute energy(): method=ccsd(t), basis=aug-cc-pvdz, molecule=Ar2, nre=0.0
2023-11-25:02:00:13,261 INFO     [psi4.driver.driver:502] Return energy(): -526.9697015741086
2023-11-25:02:00:13,277 INFO     [psi4.driver.task_base:159] <<< JSON launch ... d2h 29.81798543601391
2023-11-25:02:00:13,306 INFO     [psi4.driver.task_planner:283] PLANNING Atomic:  keywords={'FREEZE_CORE': '1', 'function_kwargs': {}}
2023-11-25:02:00:13,309 INFO     [psi4.driver.driver:499] Compute energy(): method=ccsd(t), basis=aug-cc-pvdz, molecule=Ar2, nre=29.81798543601391
2023-11-25:02:00:15,933 INFO     [psi4.driver.driver:502] Return energy(): -1053.9394421418817
2023-11-25:02:00:15,949 INFO     [psi4.driver.driver_nbody:1364] 
  //>>>>>>>>>>>>>>>>>>>>>>>>>>>>>>>>>>>//
  //          ManyBody Results         //
  //<<<<<<<<<<<<<<<<<<<<<<<<<<<<<<<<<<<//


2023-11-25:02:00:15,950 INFO     [psi4.driver.driver_nbody:394] 
   ==> N-Body: Counterpoise Corrected (CP) energies <==

        n-Body     Total Energy            Interaction Energy                          N-body Contribution to Interaction Energy
                   [Eh]                    [Eh]                  [kcal/mol]            [Eh]                  [kcal/mol]
             1  N/A                         0.000000000000        0.000000000000        0.000000000000        0.000000000000
  FULL/RTN   2  N/A                        -0.000038993664       -0.024468893447       -0.000038993664       -0.024468893447


2023-11-25:02:00:16,13 INFO     [psi4.driver.task_planner:235] PLANNING MB:  mc_level_idx=0 packet={'driver': 'energy', 'method': 'ccsd(t)', 'basis': 'aug-cc-pvdz', 'keywords': {'FREEZE_CORE': '1', 'function_kwargs': {}}}
2023-11-25:02:00:16,13 INFO     [psi4.driver.driver_nbody:952] 
  //>>>>>>>>>>>>>>>>>>>>>>>>>>>>>>>>>>>>>//
  // ManyBody Setup: N-Body Levels [1, 2]//
  //<<<<<<<<<<<<<<<<<<<<<<<<<<<<<<<<<<<<<//


2023-11-25:02:00:16,14 INFO     [psi4.driver.driver_nbody:513]         Number of 1-body computations:     2
        Number of 2-body computations:     1
2023-11-25:02:00:16,15 INFO     [psi4.driver.driver_nbody:1014] 
  //>>>>>>>>>>>>>>>>>>>>>>>>>>>>>>>>>>>//
  //       ManyBody Computations       //
  //<<<<<<<<<<<<<<<<<<<<<<<<<<<<<<<<<<<//


2023-11-25:02:00:16,39 INFO     [psi4.driver.task_base:159] <<< JSON launch ... c2v 0.0
2023-11-25:02:00:16,74 INFO     [psi4.driver.task_planner:283] PLANNING Atomic:  keywords={'FREEZE_CORE': '1', 'function_kwargs': {}}
2023-11-25:02:00:16,78 INFO     [psi4.driver.driver:499] Compute energy(): method=ccsd(t), basis=aug-cc-pvdz, molecule=Ar2, nre=0.0
2023-11-25:02:00:19,57 INFO     [psi4.driver.driver:502] Return energy(): -526.9696970014364
2023-11-25:02:00:19,79 INFO     [psi4.driver.task_base:159] <<< JSON launch ... c2v 0.0
2023-11-25:02:00:19,110 INFO     [psi4.driver.task_planner:283] PLANNING Atomic:  keywords={'FREEZE_CORE': '1', 'function_kwargs': {}}
2023-11-25:02:00:19,114 INFO     [psi4.driver.driver:499] Compute energy(): method=ccsd(t), basis=aug-cc-pvdz, molecule=Ar2, nre=0.0
2023-11-25:02:00:22,158 INFO     [psi4.driver.driver:502] Return energy(): -526.9696970014356
2023-11-25:02:00:22,173 INFO     [psi4.driver.task_base:159] <<< JSON launch ... d2h 28.575569376180024
2023-11-25:02:00:22,202 INFO     [psi4.driver.task_planner:283] PLANNING Atomic:  keywords={'FREEZE_CORE': '1', 'function_kwargs': {}}
2023-11-25:02:00:22,205 INFO     [psi4.driver.driver:499] Compute energy(): method=ccsd(t), basis=aug-cc-pvdz, molecule=Ar2, nre=28.575569376180024
2023-11-25:02:00:24,797 INFO     [psi4.driver.driver:502] Return energy(): -1053.9394240309668
2023-11-25:02:00:24,814 INFO     [psi4.driver.driver_nbody:1364] 
  //>>>>>>>>>>>>>>>>>>>>>>>>>>>>>>>>>>>//
  //          ManyBody Results         //
  //<<<<<<<<<<<<<<<<<<<<<<<<<<<<<<<<<<<//


2023-11-25:02:00:24,815 INFO     [psi4.driver.driver_nbody:394] 
   ==> N-Body: Counterpoise Corrected (CP) energies <==

        n-Body     Total Energy            Interaction Energy                          N-body Contribution to Interaction Energy
                   [Eh]                    [Eh]                  [kcal/mol]            [Eh]                  [kcal/mol]
             1  N/A                         0.000000000000        0.000000000000        0.000000000000        0.000000000000
  FULL/RTN   2  N/A                        -0.000030028095       -0.018842913885       -0.000030028095       -0.018842913885


