Electrostatic potential parameters

Grid information (see 1_default_grid.dat in Angstrom)
    Number of grid points:            1089

Quantum electrostatic potential (see 1_default_grid_esp.dat)

Constraints
    Charge constraints
        Total charge of   0.07053666 on the set   2
        Total charge of   0.08505926 on the set   3
        Total charge of  -0.47140689 on the set   4
        Total charge of   0.12577594 on the set   5
        Total charge of  -0.10083412 on the set   6
        Total charge of   0.36409509 on the set   7
        Total charge of  -0.49600870 on the set   8
        Total charge of  -0.04595441 on the set   9
        Total charge of   0.36252472 on the set  10
        Total charge of  -0.52858740 on the set  11
        Total charge of   0.02500866 on the set  12
        Total charge of   0.17305165 on the set  18
    Equality constraints
        Equal charges on atoms
                                 15  16  17
                                 19  20  21
                                 22  23  24

Restraint
    Hyperbolic restraint to a charge of zero
    Hydrogen atoms are not restrained
    resp_a:                           0.0010
    resp_b:                           0.1000

Fit

Electrostatic Potential Charges
   Center  Symbol       ESP      RESP
      1    C      -0.23874166 -0.20126118
      2    N       0.07053666  0.07053666
      3    C       0.08505926  0.08505926
      4    N      -0.47140689 -0.47140689
      5    C       0.12577594  0.12577594
      6    C      -0.10083412 -0.10083412
      7    C       0.36409509  0.36409509
      8    O      -0.49600870 -0.49600870
      9    N      -0.04595441 -0.04595441
     10    C       0.36252472  0.36252472
     11    O      -0.52858740 -0.52858740
     12    N       0.02500866  0.02500866
     13    C       0.03219401  0.00605494
     14    C      -0.04516979 -0.03375539
     15    H       0.12211259  0.11036575
     16    H       0.12211259  0.11036575
     17    H       0.12211259  0.11036575
     18    H       0.17305165  0.17305165
     19    H       0.04252243  0.05004274
     20    H       0.04252243  0.05004274
     21    H       0.04252243  0.05004274
     22    H       0.06485064  0.06149191
     23    H       0.06485064  0.06149191
     24    H       0.06485064  0.06149191
Total Charge:     -0.00000000  0.00000000
